-0.491885   -0.497407   0.487165
-0.333928   -0.309457   0.49371
-0.498735   -0.331135   -0.347085
-0.334258   0.494695   -0.33083
-0.161608   -0.496047   -0.481428
0.00421713   -0.341493   0.498182
-0.179785   -0.330825   -0.328467
-0.00171616   0.496785   -0.326308
0.152206   0.473916   0.489828
0.333811   -0.335079   0.494355
0.169319   -0.333677   -0.312874
0.324774   0.492201   -0.341683
0.477007   -0.160302   0.498842
-0.338418   -0.00458771   -0.495238
-0.472194   0.0125433   -0.320197
-0.337759   -0.159192   -0.349652
-0.162202   -0.171131   -0.497641
0.0132451   -0.0161362   -0.499449
-0.172589   0.00105385   -0.34774
-0.000108519   -0.20334   -0.322365
0.161244   -0.17246   -0.495904
0.320468   -0.00479193   0.476037
0.168783   0.00612922   -0.322428
0.309768   -0.154704   -0.320922
-0.489833   0.160522   0.496978
-0.326784   0.334687   0.489249
0.492621   0.355893   -0.337872
-0.32629   0.186496   -0.329335
-0.176355   0.157062   -0.499976
-0.00563635   0.334091   0.498083
-0.168501   0.346053   -0.32752
-0.00790265   0.178067   -0.345048
0.150957   0.143572   0.495518
0.333163   0.344266   0.489731
0.160598   0.314151   -0.341992
0.349366   0.150222   -0.345534
-0.493618   -0.486932   -0.19088
-0.343653   -0.307565   -0.178474
0.497867   -0.333274   -0.0110897
-0.339167   -0.494274   0.00196405
-0.173727   0.498582   -0.185368
0.00612105   -0.329836   -0.133632
-0.159462   -0.350935   0.00882819
-0.0066037   0.47992   0.0104387
0.16223   0.467738   -0.160863
0.34191   -0.324962   -0.164345
0.176732   -0.327858   0.0229705
0.340559   -0.49215   0.0154386
0.495904   -0.136144   -0.163984
-0.317184   0.00467582   -0.16331
0.483451   0.00850614   0.00377466
-0.316246   -0.180709   -0.0137177
-0.149948   -0.166998   -0.168393
0.0122399   -0.0227661   -0.175289
-0.163583   -0.00492651   0.0183882
-0.0166982   -0.188585   0.0110832
0.17739   -0.180628   -0.160752
0.325499   0.0231434   -0.177661
0.150652   -0.0163135   0.00458592
0.328936   -0.153303   -0.017043
0.497981   0.186916   -0.187315
-0.309705   0.324867   -0.159684
-0.479743   0.3269   -0.0107114
-0.335255   0.155443   -0.0021784
-0.154082   0.153453   -0.172643
-0.0142658   0.331266   -0.168188
-0.148318   0.322535   0.00287461
0.000144066   0.164   0.0198458
0.154562   0.178737   -0.177294
0.344063   0.347776   -0.173468
0.177291   0.325338   0.0278221
0.344432   0.195752   -0.00611566
0.492986   0.4957   0.168624
-0.337913   -0.321872   0.15193
-0.49287   -0.338904   0.328721
-0.342903   -0.49433   0.341083
-0.176447   0.484467   0.185997
0.00743889   -0.335959   0.189241
-0.170487   -0.339818   0.334316
-0.00470745   0.493426   0.329019
0.163335   -0.483569   0.155226
0.34367   -0.323431   0.171001
0.181367   -0.326114   0.333022
0.34152   0.497026   0.327308
-0.494792   -0.172649   0.155592
-0.343963   0.000405483   0.147741
0.497114   0.0205307   0.306241
-0.342727   -0.149387   0.324799
-0.159945   -0.174071   0.18287
-0.00168158   -0.00775569   0.174129
-0.165839   -0.00167577   0.348719
0.00949239   -0.166826   0.340335
0.172293   -0.173326   0.16631
0.325966   0.00839568   0.156893
0.160367   0.0027256   0.323753
0.330678   -0.158027   0.318036
-0.497639   0.18213   0.170593
-0.32839   0.322454   0.173652
-0.496829   0.342634   0.3428
-0.340262   0.186012   0.341522
-0.177791   0.158561   0.170498
-0.00386509   0.330192   0.184797
-0.166455   0.337667   0.34539
-0.0151127   0.160391   0.31926
0.166035   0.156062   0.177892
0.345409   0.334144   0.18555
0.158938   0.333611   0.326343
0.332253   0.16315   0.334996
