-0.0892409   0.156999   -0.0959672
-0.196289   -0.920612   1.12175
-0.244003   1.35371   0.10953
-0.0628479   0.610949   0.857579
1.21021   -0.100964   -0.400546
-0.388293   -0.175346   -0.0612969
-1.48899   0.360611   -0.258588
-1.36969   -1.38741   0.907976
-0.439271   -1.25674   -0.728317
-0.297966   -1.72718   0.700986
0.95004   -0.446992   0.2238
0.362919   -0.147922   -0.413744
0.796735   0.93803   -0.161423
-0.143301   0.343927   1.72505
-0.859066   -0.732324   -0.296748
1.20092   -0.192665   -0.291431
1.41687   0.15583   0.753731
0.0386714   -0.592609   0.956888
1.12109   -0.0495386   -2.19685
0.387457   -1.11133   0.029246
0.701541   -0.441936   1.17362
-0.161431   -1.44524   -0.678686
0.943763   -1.01138   0.521873
1.09608   0.237023   -1.37462
1.46515   0.760106   -0.73614
0.770235   0.985187   -0.347923
-0.20565   0.108526   0.785194
0.0130167   -0.563495   -0.191736
0.0617294   -0.475582   -0.461498
0.808301   -0.0334244   0.421144
0.696275   -0.285491   -0.0622252
0.42062   0.0231086   -0.231143
-0.627594   -0.260956   -0.224863
0.104896   -1.30906   1.68116
0.156389   0.239398   -0.30373
-0.859592   -0.182089   -0.549732
0.144785   0.135956   0.441948
-0.432688   0.701814   0.0147632
1.4201   0.0211417   -2.27435
-0.622364   -0.73844   -1.71871
-0.23345   -0.0401645   0.053891
-1.00591   -1.62546   -1.70689
-0.408648   0.630426   -0.434602
-0.107698   0.0239266   0.353813
0.523208   -0.152385   1.71587
-0.668731   2.38813   1.46919
0.0609599   0.820773   -0.244409
-1.07018   0.120626   0.384743
0.811835   0.812124   -0.271688
0.138191   0.771551   -0.366757
0.282673   1.17654   -0.504274
0.485112   0.38162   0.567151
1.70625   0.739026   -0.887789
-1.06535   -0.179175   0.405971
-1.05049   -1.1693   0.670654
-0.630034   0.962707   -0.903344
-0.240562   0.993142   1.0575
-0.973036   2.03236   -0.747647
2.02188   -0.124084   -0.708333
0.678142   1.9175   -1.06697
0.609446   -1.7812   -0.592584
0.118032   1.07954   0.913501
0.900781   2.24398   0.568814
-0.678067   -0.322951   0.384625
-1.41643   0.482672   1.29281
0.121841   0.727344   0.971562
-1.64059   -0.121891   -0.631803
0.665458   0.427486   1.38382
-0.451485   1.42105   1.55526
-0.832555   -0.669407   -0.289801
-0.238082   2.42718   -0.87529
0.0866838   1.08318   -1.04326
1.64447   -1.17376   1.20264
-0.0296905   0.493142   -1.62617
-0.196417   0.768677   -0.268791
-0.840575   0.276951   0.166521
-1.18369   -2.19058   -0.0366459
-0.507985   -0.547136   -1.27658
-0.271475   0.226717   0.12225
0.0862707   -0.616177   -0.563869
-0.483283   -1.40638   1.17878
-0.89961   -0.726   0.165711
0.765458   -0.373734   0.020843
1.35837   -0.142391   -0.091748
-0.502498   -1.01664   0.23707
-1.70601   -0.341734   -0.690428
-0.0473717   -0.925732   -0.212018
0.00707523   -0.496408   1.20526
-0.669311   0.726351   0.836077
0.589252   0.0647564   -0.188356
-0.110561   1.32381   -0.0584321
0.681245   -0.224647   -1.74346
-0.396494   -0.391968   -0.58604
0.58748   -0.684836   -1.52735
-0.456244   -0.194806   -0.277
0.364383   -0.297908   -1.81195
-1.24134   -0.591925   1.13389
-1.124   1.11283   0.769604
0.516445   -0.665627   0.18204
-0.5229   -0.421842   0.360152
-0.901918   -0.606647   0.844781
1.05064   0.155925   0.13274
0.0589009   0.897547   0.1048
-1.56307   -1.14991   0.610189
0.0856231   1.39552   0.219733
0.69853   -0.795089   -0.417892
0.468631   0.53417   0.798292
0.392947   -1.01496   0.245649
