-0.415983   0.132811   -0.383974
0.146616   0.103647   -0.30823
-0.461027   0.269884   -0.140007
0.444478   0.358905   -0.30238
0.467577   0.234699   -0.189253
0.480743   0.11405   -0.389634
0.355115   0.251323   -0.171084
-0.0298387   -0.265106   0.348135
0.423922   -0.234508   0.300965
-0.219894   -0.184246   -0.185946
-0.261169   0.495575   -0.368244
-0.335344   0.494123   0.277958
-0.0600429   -0.153599   -0.00120332
-0.185149   -0.235184   0.443972
-0.480561   -0.317939   0.464244
-0.0423957   0.41157   -0.399723
-0.483846   0.0666911   -0.08719
-0.304647   0.297109   -0.291189
0.163967   0.0755101   0.0430634
0.457338   -0.168778   -0.172052
-0.297824   0.359339   0.310064
0.297977   0.121067   -0.267017
-0.362408   -0.218275   0.217369
-0.239535   0.127115   0.135881
-0.294846   0.108483   0.453673
-0.452614   -0.0625601   0.121876
-0.39418   -0.287598   0.155564
-0.373034   0.281795   -0.224555
-0.366532   -0.357944   -0.0433088
-0.056707   -0.00128204   0.399894
0.0956768   -0.193526   -0.273588
0.113429   -0.158425   0.346545
-0.238197   -0.477115   0.1348
-0.352927   0.378694   0.0989037
0.359112   -0.287713   0.423059
-0.469991   -0.435527   -0.496599
0.232807   -0.354757   -0.292557
0.462043   -0.385975   0.135132
-0.497965   -0.277245   0.374625
0.134835   -0.419398   -0.0741636
0.434202   0.276392   -0.337692
-0.0488432   0.393911   0.0263969
-0.339536   -0.0991082   -0.448291
0.134401   -0.388496   0.0941642
0.231595   -0.287282   -0.464221
-0.13915   0.289791   -0.497709
-0.00637184   0.481775   -0.207058
0.414846   0.279982   0.291248
0.0960641   0.371184   0.278524
-0.015822   -0.0342081   -0.0434767
0.038929   0.23168   -0.231734
-0.0872921   0.381324   0.292749
0.337672   -0.441161   0.429901
0.247707   -0.215374   -0.0170337
0.365768   0.123172   -0.073404
-0.335761   0.215805   -0.271837
-0.478351   -0.289393   0.079085
-0.451589   0.419281   -0.267151
0.262352   0.269227   -0.211693
-0.359248   0.311279   -0.460807
0.38374   0.302164   0.106006
-0.0422808   -0.189768   -0.177521
0.357293   -0.128373   0.312341
0.0761674   0.491629   0.303841
0.404474   0.217803   0.48729
0.226295   -0.134445   0.00811157
0.161826   0.153434   0.0637581
-0.488574   -0.138888   0.0850178
-0.315196   0.0863117   -0.21577
-0.425356   0.256718   -0.322325
0.479347   -0.188972   0.149046
0.0462516   0.371204   0.0342523
0.306979   0.200799   -0.0561412
0.0584214   -0.465764   0.184207
0.132301   0.061145   0.12909
-0.23622   -0.0946982   0.254702
0.454096   -0.347133   0.420301
-0.448856   -0.206451   0.161813
-0.457048   -0.405753   0.0969994
0.342744   -0.410539   -0.466823
-0.151472   0.480394   0.462618
-0.372789   0.00518614   -0.456116
-0.0841242   -0.159107   -0.399627
0.193628   -0.44178   -0.329243
0.0424493   0.116922   -0.294238
-0.260791   -0.452408   0.311158
-0.212813   -0.236941   0.158528
-0.458716   0.463582   0.391058
-0.302901   -0.202639   0.102574
-0.493704   0.102403   0.233222
0.396392   -0.302162   0.153987
-0.48164   0.316712   -0.299108
-0.174688   0.314142   -0.278222
0.0838885   -0.489802   -0.432925
-0.209853   0.294829   0.0825128
0.191752   -0.0446843   -0.0320775
-0.311337   -0.163171   -0.0313164
-0.182871   -0.325758   0.450041
0.448399   0.0443138   0.184585
0.264566   -0.263177   -0.320217
0.189361   -0.151526   0.449797
0.197784   -0.115201   -0.0654375
0.0456104   -0.278861   0.214238
0.0337739   -0.132499   -0.324658
0.152942   0.236391   0.074583
-0.282861   0.316856   -0.135495
0.237892   0.166842   -0.17371
0.406275   0.217749   -0.0475425
