-0.343577   -0.328179   -0.00346773
-0.03123   0.257791   -0.0796986
0.22676   0.0927876   0.0367153
0.172085   -0.0933091   -0.0740156
0.341094   0.36098   0.178896
-0.110996   -0.317014   0.436459
0.345271   0.402785   0.44561
0.492491   -0.0233831   -0.365003
0.232773   -0.498437   -0.366059
-0.138006   -0.0124261   -0.413803
0.186562   -0.354818   0.0237942
0.390487   0.234176   -0.34438
0.248387   -0.310275   0.315838
-0.269944   -0.331099   -0.191909
0.395934   -0.459067   0.251598
-0.0892837   0.0738343   -0.127771
-0.131298   0.472522   0.182692
0.29997   -0.0421124   0.281658
-0.250887   0.469186   -0.0024699
-0.406911   0.275065   -0.16221
0.319655   0.0916963   0.301607
-0.149748   0.186667   -0.476467
0.176598   0.443064   -0.175646
0.334345   0.384129   -0.32512
-0.224183   0.374936   -0.231731
-0.126492   -0.456894   0.151468
0.0892309   0.332655   0.253607
0.0847992   -0.298554   -0.0303986
0.03329   -0.489002   0.0286818
-0.374796   0.237207   -0.263689
0.351492   -0.418337   0.178222
-0.209649   -0.214833   0.309832
-0.0946699   -0.170906   0.413671
-0.255081   0.494834   0.187147
-0.407397   -0.0646972   -0.130413
0.24803   0.0116673   -0.450602
0.130653   -0.415639   -0.0940994
-0.211287   0.418774   0.294336
0.175216   0.409697   0.256811
-0.133218   0.313055   -0.35395
0.277648   0.197197   -0.247779
0.296121   -0.46807   -0.414699
-0.113082   -0.331845   -0.0861842
-0.0398374   0.439101   -0.327777
-0.385521   -0.00633475   -0.18066
-0.442834   0.00642326   -0.457671
0.290641   -0.466404   -0.325516
0.479354   -0.401954   0.259317
-0.0397278   0.347074   0.240908
-0.359032   -0.118847   -0.43191
0.107191   0.397536   0.164148
-0.123181   0.376233   -0.119796
-0.21818   -0.138516   -0.416358
0.154314   0.244924   -0.321521
0.249106   0.0815692   -0.490695
-0.284658   -0.429979   0.29121
-0.116888   0.00740318   0.440322
0.195502   -0.489087   -0.266065
-0.211549   -0.244342   0.0582294
-0.11673   0.159757   0.0572364
0.120164   0.237637   0.252443
-0.432705   0.122084   -0.431298
0.24456   0.175231   -0.0286181
0.0782933   -0.0224047   0.0627129
-0.29876   0.042723   0.449284
-0.437902   -0.226866   -0.306627
-0.243657   0.199299   0.316219
0.183355   0.159591   -0.241515
0.187235   0.408617   -0.273813
-0.316462   -0.241108   -0.438925
-0.0479271   0.119289   0.0926907
0.380899   0.097221   -0.49645
-0.287921   -0.210167   -0.365706
0.240939   -0.0405963   0.12276
-0.380803   0.318057   0.467813
-0.22201   0.473056   0.0863556
-0.0643617   0.333666   -0.404324
-0.33418   -0.383452   0.234631
-0.253122   -0.279322   0.151711
0.0747913   -0.336687   -0.104777
-0.219836   0.148484   -0.0135898
0.114821   0.250234   0.450132
-0.282454   0.0606781   -0.284038
-0.34372   0.287643   -0.453352
0.269636   0.311437   -0.0875033
-0.427936   -0.34911   0.325666
0.293074   -0.119418   0.36112
-0.130612   -0.0446311   -0.183808
-0.322512   -0.415487   0.0346968
0.0347669   0.13056   0.358183
-0.411287   -0.0067826   -0.0694462
0.403972   0.156317   -0.306698
-0.208972   -0.107063   -0.328791
-0.435708   -0.060049   -0.296399
0.0392774   0.204386   0.321763
-0.229485   -0.0809473   -0.159897
-0.200546   0.446163   -0.347888
0.314777   0.453973   -0.395616
0.266479   -0.316919   -0.434168
0.0937488   -0.206015   -0.180198
-0.106911   0.415988   0.410948
0.284984   0.386369   0.357072
-0.312726   -0.0163671   0.2753
0.20817   0.197729   0.462864
-0.0371295   -0.129269   0.21944
-0.0351609   -0.375768   0.419251
-0.380284   -0.145452   0.21668
-0.343976   -0.222914   -0.106774
