0.115572   1.38635   2.42228
-0.188132   -0.346961   -1.51153
-0.044611   -0.389383   -2.01392
-0.430143   -0.448589   -1.18353
-0.135478   -1.7557   -0.241963
1.18623   -0.640088   0.467072
0.455777   -1.20617   0.251719
0.801304   -0.364955   0.181533
0.927175   1.12147   0.453319
0.14158   -1.4615   -1.39577
0.637994   2.81635   -1.4057
-1.73206   0.297704   0.237876
0.126093   1.33196   0.690876
-0.0533701   -0.724831   0.611414
-1.63682   -0.00995211   -0.532363
-0.576193   -0.55135   -0.0705921
0.428147   0.805272   0.367071
-1.14291   -1.33613   1.75892
-0.779247   1.09086   -0.544603
0.643622   -0.776458   0.797137
-2.59671   -0.820049   0.882096
1.6706   1.32989   0.140294
0.768359   -0.0361843   -1.21354
-1.7598   -1.57363   -1.40301
0.0814938   0.59501   -1.43216
0.881068   0.065721   0.287747
0.060838   -1.949   0.0645032
0.105865   0.458614   0.0563378
-0.605409   -1.02815   0.234148
0.0455538   1.56285   0.248323
0.866782   0.52633   0.107265
1.71584   0.707423   -0.174197
-0.715635   -2.08749   -1.24164
1.7636   1.46483   0.252291
0.523193   -1.18154   1.24536
-0.18625   0.141954   0.264442
1.90894   -0.0470954   1.22309
-0.679506   -2.23691   -0.623489
1.81382   0.937301   0.0718172
-0.959123   0.776627   0.0304711
0.0153074   -1.20736   0.307169
0.494747   -1.29652   2.18297
-0.581233   -0.812032   1.20895
-0.499652   0.0953461   -0.212351
-0.964318   -0.152574   -0.965699
1.0266   -0.00706765   -1.25219
0.729625   1.43964   0.948868
-0.569708   1.64952   0.246933
-1.62781   0.848845   -1.6793
1.4884   1.32614   2.63057
-0.801167   0.781025   1.8374
-0.319818   0.269376   -0.0784135
2.40642   2.11139   1.26701
-1.41773   0.685383   0.444169
-0.287269   0.821534   -0.0192604
0.445869   -0.938959   2.18755
-0.115107   0.140915   1.72611
0.0708729   0.33303   1.05735
0.885888   -0.806494   0.0102885
0.722634   -1.02625   0.584269
-3.77609   0.513463   -1.59585
-0.894273   1.95783   0.924264
1.82141   -0.643666   -2.30334
-0.792835   -0.34691   -0.777536
-0.442129   -1.14324   -1.95767
-0.427007   -1.56643   0.956317
-1.07338   0.398685   1.66791
0.119704   -1.9621   0.0800977
1.50142   -2.12357   0.414424
-0.33794   -1.0662   -0.248559
-0.129127   0.190967   0.599949
0.0177426   -0.0581872   -0.671435
0.106496   0.598229   0.133322
0.0788884   -0.697328   0.236714
-1.72499   1.47669   2.53802
0.616814   2.17357   -1.58558
2.45209   -1.40821   0.391664
0.654304   1.17846   -0.481375
0.889099   -1.26806   -0.816135
0.410711   2.01094   -0.190816
0.420707   -0.0649797   0.507162
1.83933   1.34504   -0.480275
-0.832936   0.219149   -0.732095
-0.810735   0.947191   0.163842
0.346815   -0.504027   -1.79803
-2.23058   0.400719   -0.945851
0.732068   -1.76223   -0.404806
1.50999   0.383011   0.100059
-0.74178   -0.784632   -2.33756
0.694433   -0.377182   -0.116975
-1.74464   1.07845   -1.12991
1.19571   -0.302621   -0.895386
-1.12243   1.58515   -0.568886
-0.387332   -0.347851   -0.795536
0.400583   1.97673   -0.190398
-0.803377   -0.00491429   0.788534
0.431093   0.476051   0.840576
-0.474438   1.42676   0.236225
-0.278244   0.707126   -0.456413
-0.00143988   -1.73869   0.310865
-0.362879   -2.01616   -1.85992
-1.40151   -1.66364   0.503745
-0.35797   0.556046   -0.734243
0.938332   0.716861   2.54834
-2.18501   -0.53399   -1.68369
1.1456   0.490284   0.759832
0.507269   -0.466282   0.83476
-0.0481395   -0.655589   -0.570157
