-0.442897   -0.248569   0.362241
0.00494429   0.425274   -0.28993
0.130156   -0.36552   -0.338097
-0.158302   0.121363   -0.0904586
-0.331575   -0.0217128   -0.140924
-0.437123   0.165172   0.223543
0.148872   -0.0422004   -0.00337695
0.480673   0.109668   -0.162209
0.479402   0.239304   0.0693597
0.451916   0.494753   -0.0676679
0.0445551   -0.194606   -0.0113211
-0.107896   -0.174714   -0.415991
-0.158767   -0.126188   0.200716
0.244082   0.416529   -0.0397099
0.213002   -0.392921   0.413804
-0.358931   -0.153485   0.208441
-0.433919   0.40133   -0.390189
0.0644289   -0.416915   0.275127
0.0875439   -0.197917   0.302582
0.225721   -0.20943   -0.452188
-0.400765   0.379285   -0.0873544
0.391369   0.0717424   0.258874
-0.278243   -0.136461   0.433379
-0.0852659   0.0934575   0.173824
-0.0478161   0.0049967   0.409071
0.0558958   -0.0540418   -0.181862
0.381283   0.456753   0.474068
-0.257449   0.0924193   0.29515
0.467182   -0.0513152   0.128421
-0.0335639   -0.276255   0.161782
-0.301891   0.253274   -0.21195
0.187885   0.257745   -0.394243
0.00504105   0.205166   -0.175167
0.262419   0.10081   -0.246942
0.0195721   0.344702   0.499642
0.438019   0.245418   -0.351078
0.242705   -0.231462   -0.0119703
-0.0904385   -0.476734   0.103616
-0.276516   0.0869375   0.497303
0.0661107   -0.0618733   0.161251
0.0395267   -0.262645   0.478732
0.24844   0.480912   0.203304
0.467271   -0.282617   -0.0572637
0.341622   -0.0764097   -0.110842
-0.142449   0.0502484   -0.305155
0.40431   -0.39091   0.315989
0.329591   0.0798112   0.0112108
-0.223513   -0.323314   0.157565
-0.234902   0.427016   -0.272138
-0.190128   0.417122   -0.465496
-0.409368   0.115078   -0.321826
0.0283379   0.144616   -0.43275
0.411112   0.273605   0.327699
-0.330678   -0.346518   -0.478739
-0.137119   -0.288074   0.358073
-0.316395   0.223948   0.00546381
0.30606   0.118831   0.498278
0.446043   0.426705   0.158404
0.183629   0.466151   -0.432738
0.00191146   -0.461059   0.482914
0.18469   -0.44407   -0.165918
0.0715968   0.229778   0.127718
0.353564   -0.0821871   -0.344039
0.35189   -0.326683   -0.274236
-0.263835   0.276379   0.417834
0.359937   -0.39755   0.0816933
-0.377243   0.357367   0.200188
-0.410129   -0.412877   0.12527
-0.378033   -0.169111   0.00682562
0.175224   -0.195798   -0.222062
-0.294603   0.0435322   0.0722467
0.291512   -0.0956698   0.199946
0.146116   0.035307   0.349073
0.0851961   -0.0322491   -0.417628
0.000718097   0.416149   -0.0884636
-0.437633   -0.444585   -0.238207
-0.165487   -0.232414   -0.0191769
0.278593   0.285585   0.112491
-0.135924   0.26701   -0.298197
0.206698   0.368248   -0.227355
-0.125045   -0.183148   -0.217987
-0.288657   -0.386493   -0.0325082
-0.444664   0.00272759   0.364633
-0.0154051   -0.373334   -0.124683
0.331418   -0.102108   0.399624
0.377107   0.459232   -0.273496
0.422951   0.28847   -0.137086
0.499561   -0.138703   -0.472032
0.103202   -0.419965   0.0345843
-0.0870391   0.288351   0.0187542
-0.15219   0.282181   0.201451
-0.401161   -0.49543   0.361417
-0.0870641   0.191962   0.393774
-0.0835723   -0.021176   0.00700746
-0.231324   0.417751   -0.0114465
0.013015   0.367488   0.296947
0.471267   -0.258907   0.168308
0.390766   -0.326031   -0.459133
0.229486   -0.305859   0.198216
-0.171525   0.492628   0.350993
-0.46078   -0.194948   -0.214588
-0.263693   -0.334655   -0.24916
0.20928   0.10332   0.179985
0.240558   0.233359   -0.0864196
-0.301029   -0.123022   -0.338505
0.20683   0.378387   0.399294
-0.073214   -0.370236   -0.355833
-0.466647   0.155724   0.489635
