0.328992   0.402348   2.50637
0.753517   -0.0612138   0.126766
-1.03291   1.36792   0.3892
-0.257498   0.449015   -0.833372
0.636169   -0.157107   -0.352536
0.654065   0.825708   1.68465
-0.0994677   -0.125926   -1.04717
0.593859   -0.0996017   0.673022
-0.613488   0.738708   -0.928137
-0.403448   0.27688   0.241888
-1.71906   -1.5171   0.67416
-1.7386   -0.117309   -0.0699544
-1.38889   0.452537   0.0796191
0.987185   2.6581   -1.18401
-0.895853   0.841306   -2.65532
-1.75423   0.711827   -0.162738
1.05371   -0.340851   2.28798
-0.507832   0.621317   -0.977354
-1.18371   0.200711   0.209243
0.182626   0.269213   -0.329209
-0.490125   -0.167231   -0.458817
0.607855   0.992289   0.662638
-0.439089   -1.34957   -1.33019
1.64256   -0.342943   -0.179447
0.307261   -1.71871   -0.668071
-0.899104   0.530642   -0.324402
0.435837   -2.23582   -1.63856
-0.767957   -1.00011   0.796748
0.5778   0.568952   -1.4749
-0.369994   -0.391898   -2.1652
-1.71104   0.740573   -0.103638
1.5334   -0.445402   0.639914
-0.538984   0.0263286   1.29447
1.30048   -0.664804   0.134732
-2.03898   1.09771   -1.5179
0.437598   -0.968375   1.01793
-2.06232   -0.369935   0.10565
0.422786   0.0815075   2.58578
-1.94168   1.01769   -1.05961
-0.824321   -1.04554   0.542489
0.279867   -0.498543   2.0761
0.0796318   -0.591139   0.449159
-0.565635   0.960554   -0.364877
-0.728145   0.772456   -0.20773
1.58116   -0.500594   0.362958
0.842371   -0.37021   0.306708
-0.816396   -0.860447   -0.933854
-1.06182   1.14814   0.379147
0.332398   1.09192   -1.46365
1.43654   -0.79948   1.70658
0.440844   -0.507936   0.624249
-0.958415   1.86426   1.7933
0.626937   -0.570756   -0.498649
-1.19851   0.584248   -1.95044
-0.0856595   2.25102   0.481035
-0.573421   -0.00071333   0.481082
-0.674174   -0.260694   0.332943
-0.0544426   -0.476898   -1.09437
-0.772968   -0.584467   0.796922
-0.264303   -1.05249   0.632779
0.400697   -0.577609   0.0111341
0.298094   -1.25163   -0.0477035
1.2414   -1.94236   1.4447
0.0308258   -1.24723   -2.96219
-0.750889   -1.16802   -1.39987
0.0936107   0.617898   0.507625
0.273441   0.18934   -1.73626
2.80484   0.582105   -0.0515085
1.40806   0.461225   -0.854112
1.14831   -0.201195   -1.21884
0.32538   -1.51752   1.02309
1.38666   0.0758703   0.441015
1.01004   -0.043174   -1.78985
-0.542192   -1.02935   0.788606
0.2083   1.78445   0.459922
-2.12792   -1.15141   -1.00082
-0.0811959   0.0547788   -0.554313
-0.116048   -2.4378   1.07578
-1.27655   1.10834   0.581566
1.24511   1.08472   0.182748
-0.931777   -0.0291747   -0.246685
1.0821   0.0277969   -0.0789779
2.17778   0.453909   0.145944
0.187797   0.440901   2.11913
0.553423   1.33613   1.03234
0.363732   -0.786753   -0.584256
0.996432   1.96246   -0.0323533
0.308108   0.552449   1.67546
0.879119   -0.931823   2.98141
-0.637476   0.364586   0.404836
1.04596   0.662952   -0.573128
1.5248   0.0430781   -2.6921
2.60876   -1.05735   -0.881679
-0.706688   -0.809901   0.921309
-1.30276   0.492494   -1.05542
-0.288629   -0.602188   0.763718
0.977882   1.51535   -1.26863
0.00590811   -0.730203   0.637497
0.31004   -0.188984   -1.59032
0.606186   0.745259   0.934771
0.258273   -0.172362   0.672327
-0.653036   0.347294   -1.2394
-0.768927   -0.865908   -0.268568
1.14811   0.543288   -0.213322
0.777376   -0.402711   1.64452
-0.513527   -1.53544   -0.375965
-2.18709   0.345929   -0.41929
-1.44485   1.53743   1.58398
