-0.105778   -0.354721   0.168292
-0.0625603   -0.121114   0.295182
0.21337   -0.0920728   0.481834
-0.204304   -0.461974   0.330216
0.490787   -0.282195   0.0466033
0.432009   -0.0428008   0.0157042
-0.462463   0.353028   0.211749
-0.0170617   -0.304091   0.404339
0.301107   -0.223924   -0.325423
0.327747   0.233946   -0.463331
-0.466402   -0.0675776   0.247892
-0.403163   0.101704   -0.244135
-0.080873   0.44284   0.0723893
0.293719   -0.310254   -0.49978
-0.433325   0.196077   0.457882
-0.232712   0.109014   0.498492
0.16477   0.241077   0.13768
-0.468756   -0.451084   0.354747
0.10346   -0.435251   0.0151654
-0.42399   -0.219202   0.44266
0.0899467   -0.390519   0.223615
-0.118482   -0.0400212   0.105414
0.158484   0.293862   0.38448
0.324363   -0.15173   -0.160907
-0.297093   0.344136   0.343764
-0.0502374   -0.00945871   -0.32677
0.239066   0.0365691   -0.140592
-0.145284   0.136145   -0.246665
0.487884   -0.309743   -0.389156
-0.201775   0.321213   0.182807
-0.258157   -0.193998   -0.103481
0.222328   -0.0660572   0.0115541
-0.203045   0.458289   -0.333992
0.318534   0.109553   0.0268738
-0.0184755   0.483648   -0.171936
0.308424   -0.242504   0.112575
0.481098   0.288793   -0.367804
0.305161   -0.418653   0.296269
-0.0357986   -0.212501   -0.278989
-0.215729   -0.108714   0.433978
-0.100404   0.491406   0.488115
-0.111668   0.181264   0.103076
0.492843   -0.466977   0.139766
0.0877539   0.285727   -0.218576
0.094094   -0.495674   0.494493
0.401047   0.0663734   -0.340893
0.378036   -0.447144   -0.26501
0.185458   0.0968191   0.459868
0.154647   -0.106733   -0.259611
-0.0191478   0.395276   -0.352529
-0.472498   -0.0731806   -0.152772
0.332723   0.386959   -0.218375
-0.204705   -0.280169   0.339765
-0.469013   -0.274745   -0.150265
0.291875   0.461167   -0.497579
0.264969   0.208842   -0.26498
-0.219576   -0.189367   0.153144
-0.273267   -0.379389   0.049839
-0.189576   0.261445   -0.406638
-0.221745   0.431128   -0.113963
0.0719711   -0.188865   -0.441552
-0.364602   -0.321005   0.22604
0.157703   0.472565   -0.248104
0.164884   -0.212549   0.308682
0.0826972   0.0810976   0.0719336
0.321624   0.383307   0.31713
-0.288268   -0.369541   -0.495849
-0.177715   0.0616635   0.297693
-0.375703   -0.0476101   -0.458086
-0.108161   0.243195   0.349379
-0.484758   0.393243   -0.181704
0.115386   -0.339754   -0.351482
0.490372   0.37649   0.40531
0.269251   -0.367953   -0.0667579
-0.23701   -0.0439278   -0.224617
0.13801   0.0706178   -0.334248
0.388714   -0.223014   0.333719
-0.341594   0.414467   -0.466688
0.44061   0.206814   -0.168517
0.304247   0.165371   0.320961
0.465984   0.126995   0.214703
-0.0251271   -0.130439   -0.0925209
0.288423   -0.468236   0.102708
0.276027   -0.0194877   0.208519
-0.326586   0.114889   0.193983
-0.392876   0.448988   -0.0101437
0.0959695   -0.155601   0.124041
-0.306468   -0.028712   0.0269926
0.0549578   0.0817115   -0.153848
0.169604   0.335301   -0.395257
-0.0111526   -0.0177652   0.435691
0.468169   0.484933   -0.418002
0.0606684   0.0387497   0.264523
-0.330891   0.308571   -0.273413
0.443115   -0.125518   -0.395661
-0.274194   0.204899   0.0146806
0.0388261   0.394164   0.258819
0.449105   -0.440261   -0.0684317
0.0100057   0.265678   -0.487523
-0.062846   0.291426   -0.0874154
-0.0881249   -0.330214   -0.427392
-0.369118   -0.458958   -0.20434
0.136172   -0.229611   -0.0761375
0.447612   -0.00463659   0.40088
0.355866   0.323516   0.066066
-0.198227   -0.387305   -0.193533
0.132707   0.384101   0.00431324
-0.297413   -0.201484   -0.344931
