-0.251412   -0.174523   0.269366
-0.0852635   -0.0122532   0.24612
-0.267827   0.0191522   0.397756
-0.0739367   -0.161923   0.422106
0.0679745   -0.144459   0.227686
0.24755   0.0107958   0.232406
0.0769967   0.0144527   0.436425
0.237582   -0.13475   0.403238
0.413244   -0.163148   0.232976
-0.434   0.0348345   0.255104
0.413055   0.016544   0.391416
-0.431637   -0.128097   0.412521
-0.243761   0.18788   0.236353
-0.0882481   0.35604   0.236805
-0.237071   0.340976   0.407678
-0.0967462   0.174554   0.396967
0.0673689   0.156541   0.243039
0.268231   0.377194   0.230776
0.0934176   0.349373   0.385745
0.255495   0.197887   0.408513
0.411208   0.192047   0.264642
-0.40134   0.345052   0.241938
0.434429   0.36068   0.42458
-0.430201   0.176251   0.417054
-0.224849   -0.464344   0.216549
-0.076191   -0.313073   0.229946
-0.259718   -0.325017   0.420867
-0.0748038   -0.486374   0.401231
0.0688747   -0.475681   0.231749
0.226778   -0.322434   0.250043
0.0873126   -0.31301   0.413276
0.224577   -0.472926   0.418001
0.401916   -0.46278   0.25947
-0.417712   -0.321306   0.237916
0.421543   -0.304999   0.401306
-0.39403   -0.496024   0.422899
-0.226841   -0.165331   -0.421656
-0.0953708   0.00565042   -0.436596
-0.245327   0.0318521   -0.276014
-0.0878201   -0.130827   -0.26641
0.0793913   -0.145516   -0.430151
0.257539   -0.00312904   -0.418333
0.0671453   0.0453638   -0.310108
0.265044   -0.134824   -0.237201
0.407219   -0.14424   -0.44524
-0.407926   0.0101098   -0.415996
0.42576   0.00270016   -0.258996
-0.388449   -0.140354   -0.254098
-0.231079   0.172354   -0.427713
-0.0991288   0.364295   -0.431993
-0.250539   0.339955   -0.274537
-0.0895373   0.186559   -0.264674
0.0865902   0.202758   -0.449295
0.270374   0.324085   -0.429261
0.0699674   0.331083   -0.278149
0.255636   0.168672   -0.245396
0.395969   0.154248   -0.43535
-0.409277   0.338349   -0.427278
0.419026   0.35747   -0.264759
-0.410816   0.166167   -0.26001
-0.267601   -0.470673   -0.411913
-0.0999977   -0.336809   -0.415757
-0.229965   -0.311282   -0.254868
-0.0983667   0.486352   -0.25235
0.0925599   0.494483   -0.432888
0.263524   -0.301202   -0.434698
0.0625964   -0.310797   -0.266287
0.227285   -0.481829   -0.262149
0.419331   -0.477594   -0.394774
-0.403018   -0.292713   -0.412054
0.399332   -0.311866   -0.250789
-0.406148   -0.457011   -0.249877
-0.249279   -0.145673   -0.111811
-0.0410867   0.0239206   -0.12903
-0.25112   -0.00215653   0.055943
-0.0801704   -0.153258   0.0688808
0.0886422   -0.149853   -0.103874
0.248532   0.0318517   -0.082389
0.087597   0.0235434   0.0770167
0.23903   -0.159373   0.082666
0.422666   -0.118112   -0.0444474
-0.426352   0.0253065   -0.079952
0.429835   0.0358845   0.102837
-0.410699   -0.136498   0.118964
-0.250878   0.178382   -0.0837461
-0.0934498   0.32487   -0.0931837
-0.242494   0.357293   0.0746875
-0.105721   0.170227   0.100663
0.102495   0.21146   -0.0919928
0.279739   0.36019   -0.0780152
0.0692878   0.321426   0.0949866
0.256687   0.186489   0.114322
0.420848   0.197053   -0.0953894
-0.409274   0.339217   -0.111141
0.456424   0.390456   0.0796505
-0.39763   0.173331   0.0932177
-0.261896   -0.485473   -0.102492
-0.0706327   -0.299765   -0.098016
-0.24918   -0.301612   0.0592877
-0.0797888   -0.468438   0.0619891
0.0936973   0.452973   -0.0816463
0.261936   -0.309905   -0.0850122
0.0800177   -0.328295   0.0519387
0.253294   -0.481003   0.0827312
0.422757   -0.46459   -0.100164
-0.417851   -0.308384   -0.0834133
0.423074   -0.319042   0.0740295
-0.39051   -0.471857   0.0957525
