-0.497018   0.496328   0.487188
-0.317838   -0.340186   -0.498647
-0.48073   -0.319152   -0.336549
-0.356306   0.490511   -0.321029
-0.179548   0.489235   0.495387
0.024294   -0.327504   0.494754
-0.146454   -0.35422   -0.331831
0.0197854   -0.497923   -0.333334
0.172777   -0.483057   0.488151
0.351679   -0.306596   -0.489473
0.179604   -0.343683   -0.335097
0.33593   -0.491479   -0.354966
-0.487596   -0.160445   -0.492762
-0.342528   0.00814171   -0.496336
0.487897   -0.00705228   -0.335156
-0.300206   -0.173633   -0.328287
-0.157412   -0.191637   -0.48863
-0.00614986   -0.00214183   -0.493148
-0.170007   0.00398037   -0.347945
0.00364289   -0.168791   -0.330451
0.177815   -0.159863   -0.493027
0.34027   0.00322395   -0.48145
0.166567   0.00566633   -0.345195
0.331183   -0.160728   -0.320848
0.491577   0.16948   -0.492988
-0.343998   0.330911   0.497785
0.496627   0.329497   -0.317771
-0.359951   0.170827   -0.328298
-0.181495   0.169227   0.483104
-0.011905   0.339292   0.496928
-0.179155   0.314442   -0.325437
-0.0212634   0.153585   -0.336561
0.138441   0.160827   -0.492404
0.337832   0.332555   0.486662
0.19021   0.335837   -0.352993
0.342633   0.160063   -0.32154
0.497306   -0.487446   -0.157986
-0.318591   -0.343267   -0.18076
-0.485742   -0.321065   0.0109492
-0.338075   -0.483332   0.015055
-0.181017   0.488191   -0.170193
0.00279161   -0.34045   -0.183068
-0.160499   -0.332873   -0.0285465
-0.0150474   0.49419   0.00753817
0.176509   0.494579   -0.162507
0.346479   -0.326354   -0.166853
0.172525   -0.334542   -0.0043645
0.337778   -0.489816   0.0118787
-0.479873   -0.179108   -0.159687
-0.344577   -0.0230065   -0.173249
0.493677   -0.00588744   -0.0100324
-0.325374   -0.182874   -0.0162065
-0.15779   -0.153554   -0.177333
-0.0168148   0.00581768   -0.153485
-0.178205   -0.000958322   -0.0200874
0.00872259   -0.164359   -0.0116175
0.170557   -0.158326   -0.155619
0.346439   0.00271047   -0.165842
0.172328   0.022713   -0.00898956
0.350425   -0.164427   -0.00970412
-0.492479   0.163097   -0.153877
-0.32746   0.345851   -0.152375
-0.483589   0.355231   0.00222867
-0.352888   0.158594   0.0466637
-0.19408   0.172009   -0.162921
0.00432655   0.322338   -0.184061
-0.180172   0.312751   0.00541673
-0.00355128   0.151417   -0.00221701
0.158993   0.166261   -0.198743
0.349883   0.346146   -0.162519
0.152107   0.313542   -0.00712882
0.35371   0.163276   -0.0116383
0.489992   -0.498535   0.170115
-0.335173   -0.323474   0.151648
-0.492881   -0.328795   0.33647
-0.340553   -0.492997   0.322534
-0.16939   -0.492539   0.175376
-0.0195135   -0.327852   0.163507
-0.175054   -0.328385   0.318765
-0.00533273   -0.491129   0.334221
0.152628   0.495604   0.14918
0.343257   -0.314876   0.166755
0.170616   -0.310212   0.32826
0.320795   -0.478822   0.341435
-0.489026   -0.14677   0.185856
-0.325954   -0.000692278   0.192136
0.493403   0.000295575   0.354577
-0.329647   -0.168888   0.335053
-0.163315   -0.172947   0.140887
-0.00740368   -0.00357352   0.163814
-0.158364   -0.0118443   0.361583
-0.010268   -0.162653   0.325593
0.17211   -0.158992   0.13336
0.325801   -0.0185753   0.159829
0.152199   -0.0110155   0.339666
0.344654   -0.172993   0.344137
0.479185   0.151125   0.19062
-0.325105   0.350339   0.164218
0.479161   0.338108   0.337439
-0.352961   0.173429   0.328541
-0.174936   0.160336   0.173743
0.0205062   0.338858   0.170127
-0.151833   0.325412   0.328849
-0.0215349   0.151093   0.320722
0.16797   0.141996   0.16931
0.318733   0.333266   0.169644
0.17498   0.333968   0.341543
0.334323   0.160126   0.354563
