-0.683265   1.00322   -1.19068
-0.613709   -0.64484   0.471216
-0.370158   0.114652   -1.34488
0.0783777   0.28351   -1.44961
-0.443295   0.641354   -1.46359
0.580851   -0.140339   -0.115762
-0.284571   0.169024   0.787647
0.141619   0.214361   0.407319
-0.153112   -0.0640601   -0.146511
0.327882   0.719601   -0.691517
-0.540268   -1.06257   0.0183325
-0.511863   0.974403   -0.0700581
0.358191   -0.604931   1.00409
-1.21054   0.155681   0.328024
0.295805   1.85002   0.117308
-1.92562   1.17969   -0.918881
-0.758619   -1.28542   -0.660315
0.697186   -0.237626   0.454316
-1.28618   -0.889057   -0.155201
0.928087   1.30375   0.649833
0.0677271   0.730013   -1.90781
0.904699   -0.813237   -0.245878
-0.645268   -1.22344   -0.0265708
1.74387   0.576616   0.592639
0.0770582   0.624042   2.0774
-0.499531   0.0383015   -0.974588
-0.447806   1.11719   0.60409
-0.124299   1.10275   0.96402
0.000446356   0.496955   0.381696
0.120897   -0.571064   -0.553182
0.369355   -1.15254   0.138903
-0.0422096   -1.77413   1.42639
0.879414   -0.935102   1.15396
-0.228714   0.956534   -0.970929
1.32486   -0.623529   1.19382
0.401294   -0.202127   0.763102
-1.27658   -1.29361   -0.200724
0.370309   -0.0681907   -1.24182
-0.276027   -1.1079   -0.639941
1.63254   0.787129   0.702772
0.588768   -0.138982   0.522246
0.0286888   -0.475018   1.00334
-1.06378   0.208622   0.0348494
0.47239   0.281367   1.06566
-0.929416   3.10224   -0.981474
0.285133   -1.26975   0.121324
1.24754   0.547776   0.692842
0.551391   -0.247057   -0.649913
-0.209998   -0.0261887   0.855376
0.363127   -1.42849   0.445745
0.0308702   0.795679   -0.801703
0.17407   -1.32223   -1.24728
-0.410395   0.325569   0.561239
0.533857   0.630949   -0.931765
0.796782   0.442396   1.36584
-0.315398   -0.307716   0.560235
0.603733   -1.56658   0.846224
-0.38368   0.443661   -1.05382
-0.535749   0.498929   0.0598379
-1.29175   -0.365172   1.54904
0.29331   -0.0114262   -0.788255
0.905046   1.32011   -0.355204
0.0331425   -0.926138   -0.132554
-0.742096   0.314591   1.44319
-0.950112   -0.160461   0.331915
0.309578   -0.320084   0.175862
-1.30108   -0.461464   1.14293
-0.873219   -0.72292   0.397116
-0.0531333   0.460558   0.121778
-0.597231   0.316173   -0.993862
-0.218851   0.177394   0.257691
-1.22393   1.08098   -0.369902
-1.29513   -0.832784   -1.37635
0.918232   1.35014   -0.953318
0.277677   -1.07165   0.375081
0.810792   -0.542687   -1.00348
0.0455563   0.508482   -0.299939
-1.23919   1.2102   -0.0389287
1.61124   -0.594071   0.143399
1.18887   0.799279   0.459658
2.03529   -1.69975   -0.194893
0.0745232   0.584703   2.24948
0.338992   2.09574   0.451093
-1.14447   -0.344221   -0.253398
-0.103382   0.183405   0.0501416
0.46302   -0.0965053   -0.122442
1.15984   -1.23868   0.562673
0.566324   0.737777   -1.08885
-0.169533   0.8677   0.309447
-1.49113   0.332873   -1.60631
0.773223   1.85309   0.586493
-0.636073   -0.124808   -1.52559
0.187551   1.6894   -0.588324
1.03358   -0.497058   0.222665
0.476684   0.789447   0.506662
-0.505675   -0.715731   -1.24093
-0.347351   -0.140374   -0.609949
0.841791   0.0299015   -0.172163
0.228923   -0.295962   0.203106
0.666145   0.173814   0.294866
-0.312019   -1.4295   -0.113142
-0.033406   -0.551437   0.455878
-1.99359   -0.311798   -0.405237
-0.556321   0.171266   -0.162557
0.953166   -0.789457   -0.29307
0.648351   -0.598835   0.200646
-0.930788   -2.23823   0.545761
0.361842   -0.806064   -0.0851495
