-0.233577   -0.260747   -0.156163
-0.455049   0.10022   -0.419065
-0.425229   -0.49343   0.173137
-0.00538757   -0.174175   -0.438033
0.38971   0.374562   0.118641
-0.300225   -0.0654015   -0.28553
-0.405899   0.0924334   0.0501518
-0.395731   0.329548   -0.39149
-0.0332674   0.300085   -0.171509
0.464159   0.345194   0.297094
-0.0956539   -0.212812   0.329976
0.37223   0.269832   -0.322994
-0.232496   0.242602   -0.273481
-0.0208612   0.239603   0.218965
0.120903   0.464225   -0.1263
-0.109695   0.0152493   -0.280546
0.0724033   0.0389795   -0.207086
-0.395962   0.387288   0.0177517
-0.0528481   0.200623   0.48387
0.0733083   -0.0932149   -0.0577324
-0.185602   -0.190808   0.0990571
-0.364051   -0.122876   -0.0102156
0.2447   -0.453506   -0.433486
0.208229   0.388411   -0.325726
-0.2733   -0.425776   0.023525
0.262737   -0.00683854   -0.154818
-0.264352   -0.477473   -0.201214
0.185549   0.161407   0.217621
-0.183714   0.205961   0.0983992
-0.080974   -0.0288774   0.43148
-0.390712   0.0974012   0.339521
-0.109286   0.118514   -0.111809
-0.186516   0.185548   0.310082
-0.0426547   0.0256561   0.112633
-0.440359   -0.457062   -0.394881
0.446714   0.216666   -0.0741625
-0.435759   0.140623   -0.215414
0.387414   -0.205754   -0.182338
0.215839   -0.030201   0.401815
0.430344   -0.481659   -0.0763248
-0.0292219   0.399165   -0.465403
0.122818   -0.493396   0.392964
0.149554   0.225779   -0.154122
0.332734   0.481217   0.35043
-0.495599   -0.223429   0.280218
0.49045   -0.41415   0.376408
0.0519064   0.205916   -0.325785
-0.304878   0.0409247   -0.116357
-0.149602   -0.328305   -0.341637
-0.0357372   -0.348479   0.475715
-0.154153   -0.0531299   -0.0222537
0.282452   0.30887   0.250975
-0.193737   0.324535   0.445583
0.294269   0.375561   -0.0854618
0.0783862   -0.280692   -0.0102806
0.266885   0.25389   0.0502013
-0.364595   0.396935   0.434633
0.410777   0.137065   0.442327
-0.231734   0.364821   0.232903
-0.273328   0.0574712   -0.441351
0.239462   -0.00560636   0.0891866
0.386578   0.487696   -0.298917
0.204083   0.467576   0.0874169
0.154808   -0.177548   -0.224212
-0.188197   0.391863   -0.012785
0.425176   0.168674   0.228364
-0.0943076   -0.421406   -0.0663264
-0.245985   -0.440162   0.341295
-0.314773   -0.320664   -0.49957
-0.42023   0.351699   -0.207861
0.265566   -0.372134   0.00214769
0.275591   -0.196259   0.291628
-0.391725   0.264039   0.165651
0.315339   -0.332158   0.417649
-0.00261743   -0.205095   0.155556
-0.466677   -0.168745   -0.339757
0.451705   0.423503   0.488768
-0.208892   -0.0119312   0.245363
-0.224018   -0.497322   -0.453697
-0.124706   -0.374237   0.206379
-0.0604925   0.484894   0.338115
-0.00677911   -0.456748   -0.280426
0.401739   0.0688688   0.0418141
0.379012   0.00705502   -0.333379
-0.44623   -0.368791   -0.192932
0.262512   0.340114   0.466287
-0.330017   -0.292565   0.178817
-0.401174   -0.0714111   0.2074
0.0898955   -0.0214098   0.246161
0.322956   -0.142419   -0.416748
0.372745   -0.437252   0.143654
0.247417   -0.382635   -0.201082
-0.30495   -0.190799   0.368536
0.380548   -0.186482   0.120179
0.0492064   0.359343   0.0348057
0.176206   -0.266139   -0.463689
0.106724   0.132863   0.0337284
0.126314   -0.302095   0.320003
-0.465468   -0.336085   0.0447174
0.0811803   0.305492   0.384208
-0.300312   0.235889   -0.0837304
-0.00892028   -0.262555   -0.203876
0.409757   -0.0725783   0.350762
-0.187735   -0.137564   -0.435137
0.261477   0.145332   -0.412915
0.469569   -0.00111543   -0.133299
0.151586   -0.0421968   -0.370418
-0.477447   -0.176473   0.482135
