0.342764   -1.39928   -1.25641
1.84585   1.35093   0.838123
2.36107   -1.06351   -0.914292
-0.21896   -0.299053   0.501876
0.0645117   -1.88304   0.223985
-1.33385   -1.97978   0.463206
0.0847331   1.2905   -1.27385
0.453411   1.37517   -0.144271
0.970388   -0.747245   2.45412
0.987443   2.55032   2.65523
0.699316   1.34548   -3.06896
-0.00579493   -0.657064   1.7272
0.953525   -0.959768   0.828573
1.95191   0.185991   -1.31402
0.501837   1.58185   -0.492775
-2.22592   1.1358   -2.46923
1.0959   0.921954   1.17929
3.02225   -1.02777   2.54599
1.6684   1.06916   0.815981
1.47701   -1.61934   2.17327
0.0828981   -0.60974   -0.799223
2.62596   0.100471   0.675516
1.89475   0.211976   1.5204
2.9199   -0.381587   -1.16275
-1.55338   -0.362483   0.479665
-0.156557   0.466576   0.378231
3.44923   -0.5792   0.170541
-2.19718   0.909661   0.92681
-0.481968   -2.60959   -1.55641
-1.36801   -0.322441   -0.471701
-1.3043   -0.0643529   1.47643
1.46574   0.748488   0.100564
0.778   2.02759   1.27668
-0.411416   -1.52976   1.18686
0.875936   1.09716   1.07356
0.337504   -1.93173   -1.17533
-0.408049   2.59171   -0.79684
0.477395   0.0887651   -0.0679797
-0.373957   0.068083   0.644778
-1.72776   1.97996   1.49262
0.450479   -2.43489   2.41612
2.91394   0.221743   1.06256
-1.19512   -0.685604   -1.09969
-2.31252   0.326046   -0.536518
-0.232398   -1.85823   -0.619642
-0.345227   0.743595   0.00175827
-0.926463   -1.10918   1.3255
-1.72045   -1.58571   0.362321
-1.42305   0.961094   -1.55437
-2.34775   -0.416663   -0.022612
-0.980369   -1.99805   4.54389
-2.19042   -1.38183   0.586776
-1.02274   -0.487823   -0.266671
-1.97779   2.02898   1.02786
1.34232   -1.7266   0.888076
0.400702   -1.99158   0.401016
-0.00740645   -2.80648   0.0406109
-0.289527   1.85803   0.397011
1.48289   0.660385   1.16597
0.506216   1.88733   -1.28406
-0.97827   3.04952   -1.12405
-0.441256   0.564474   -1.94913
-2.85772   0.969179   -0.737403
3.14979   1.29076   0.944896
0.0943912   0.914231   -1.74335
-1.21344   0.529565   0.4529
-0.890323   3.62826   0.367298
1.22042   0.424242   -2.09514
-2.4138   -0.451895   -1.81713
-1.18635   1.02915   -2.4376
1.82897   -3.91965   -4.58387
0.820231   2.05605   -0.585118
1.1457   -0.725373   0.565124
0.0588282   -0.421747   1.75925
0.0573491   -0.237104   -1.45131
0.445383   0.743785   -0.947122
-1.51364   -0.886499   -0.946833
-1.34506   0.310565   -0.154531
-0.642256   2.23307   1.39634
1.40935   -0.485346   -1.38943
-1.935   -0.0647594   -2.07023
-0.197911   -1.65204   -0.484781
-0.50354   -1.46573   2.0557
0.170134   -1.15319   -1.67825
0.593947   -2.37141   -1.26102
0.593711   1.53653   -1.88087
-1.27126   -0.092406   -1.1014
-1.81534   0.203957   0.27857
-1.10762   -0.59084   0.865287
-0.661207   1.8033   1.17911
0.639401   0.115707   0.108184
-0.276665   0.544028   1.88776
0.479448   2.17683   -0.348339
-0.621126   -1.40312   -0.603133
1.72916   -2.06385   1.61321
-0.293984   -1.80892   0.356797
2.34681   2.9889   0.59642
1.17475   0.825956   -0.560854
-1.77137   -0.589411   -1.48598
0.676192   -0.561573   -0.620647
0.990285   -0.782521   -0.658744
-0.289722   -0.949741   -0.000202465
-0.169762   -0.545889   0.749757
-1.80677   -0.36883   -0.400147
1.17441   0.765197   0.329074
-1.24335   1.84632   -1.06767
-1.64526   1.81122   -0.175072
-1.45252   -2.0444   1.1723
