-0.348048   -0.459025   0.375665
0.124572   -0.408648   -0.33847
0.476607   0.286062   0.386349
0.218192   0.335461   0.118956
0.426279   0.488298   0.2631
-0.0530674   0.426447   0.324622
-0.426684   -0.190786   0.348987
-0.218793   0.45487   -0.148807
0.494998   0.409365   0.033203
0.496024   0.0735764   -0.173472
0.399029   -0.389039   -0.121247
0.486922   0.361114   0.149208
-0.450214   -0.427282   0.188105
-0.264464   -0.402594   -0.224325
-0.475647   -0.207628   -0.0656152
-0.396976   -0.170616   -0.137226
0.301865   0.10793   0.246818
0.264125   -0.355405   -0.20773
0.490723   -0.185274   0.116523
-0.493064   0.146449   -0.265385
-0.363785   0.463716   0.471837
0.273195   -0.497667   -0.292413
0.39982   0.250718   0.194097
0.497239   -0.322828   0.00564984
-0.0348817   -0.057761   -0.48558
-0.339597   -0.185355   -0.0459564
-0.259904   0.0147666   0.265037
0.291712   -0.152072   0.332837
0.227111   0.304453   0.0279064
0.42968   -0.370775   0.0110748
-0.202212   0.270588   0.438132
0.213655   0.473842   0.470175
0.171363   0.378542   0.0604466
-0.199972   0.147509   0.38619
-0.0383013   0.394739   -0.26083
0.403596   -0.361237   0.321242
0.111233   -0.415249   -0.102355
0.200589   0.10009   0.228102
0.339849   0.33242   0.360281
0.495738   0.0903848   -0.361963
-0.488892   0.275454   -0.459782
-0.22731   0.0720144   0.32165
0.489034   0.0314961   -0.287605
0.0201022   -0.27461   -0.357616
0.114373   -0.173557   -0.185756
-0.285927   0.333132   0.0276922
-0.384742   0.0377695   0.132727
-0.413152   0.223967   -0.0443661
-0.191434   0.120861   -0.0647673
-0.44689   -0.334893   0.201684
-0.169695   -0.29227   0.279425
-0.160527   -0.237408   -0.112907
0.353268   -0.240492   0.280678
-0.381459   -0.308407   0.373732
0.1109   0.38374   -0.113352
-0.368458   0.185938   -0.289074
0.0757148   -0.0592155   0.417097
0.367581   0.180103   0.141209
0.292414   0.427617   -0.140152
0.333381   -0.195432   -0.107866
-0.397513   -0.330647   0.486313
0.471322   0.1063   0.0177459
-0.0637389   -0.0341965   -0.396785
0.249712   -0.493362   0.101764
0.451616   -0.217317   -0.0467025
-0.437926   0.340815   0.244458
-0.369306   -0.113797   0.378543
-0.472629   -0.455622   0.391209
-0.452554   -0.37103   0.401156
0.00593368   0.214955   -0.257528
0.45667   -0.195316   0.340394
0.460233   0.136157   0.345171
0.421111   -0.188782   0.0425092
0.487331   -0.297646   -0.209094
0.35645   0.446996   -0.255118
-0.157574   -0.177133   0.164352
0.0322098   0.405971   0.252117
-0.258959   -0.47737   -0.313334
-0.496635   -0.289937   0.373156
-0.487716   0.149913   -0.0928373
0.411616   0.0749478   -0.343333
0.0432086   -0.150866   0.384954
0.293833   0.37795   -0.0527821
-0.0423388   -0.485815   -0.0914444
-0.18249   -0.210449   -0.0262597
0.463618   -0.383699   0.264299
0.448548   0.422551   0.433181
0.0731328   0.232807   0.332639
0.140323   0.280584   -0.0982776
0.486019   -0.15769   -0.265681
0.0605687   0.154103   -0.45101
-0.130351   -0.33855   -0.257411
0.224465   0.43566   0.359337
-0.328165   0.0543392   -0.244582
0.0692348   0.416429   -0.442318
-0.458273   -0.139819   -0.02872
0.277313   0.33538   -0.263901
-0.0501595   0.369168   0.0867925
-0.19844   -0.277909   0.359807
0.120831   -0.147434   0.0347324
0.488679   -0.190013   -0.359253
-0.121886   0.160759   0.0713303
0.27038   -0.259486   -0.124062
0.274838   0.386453   -0.338617
0.41766   -0.460011   0.341258
-0.467517   0.385847   -0.24485
0.481428   -0.00887694   -0.468994
-0.170897   0.0567848   -0.440145
