-0.270839   -0.66021   -0.0162656
0.358828   0.427348   1.21241
0.433106   0.776065   0.417924
-0.376204   1.00162   0.297065
-0.987651   0.912371   0.0408612
-1.54729   -0.986914   0.0972332
0.113311   -0.634742   0.23521
-0.344699   -0.181683   0.342279
-1.83075   -0.995369   -0.391838
-0.0412509   -0.235735   -0.275434
1.34818   0.453567   1.30375
-1.64571   -0.225567   -1.21116
-1.5044   -1.2029   -0.871269
-2.35403   -1.60749   0.725302
0.956969   -0.533236   -1.42147
-2.18159   -0.649559   1.16216
1.87067   0.0773966   1.31395
-1.23376   0.00446068   -1.68774
0.796227   0.27985   1.16093
2.236   1.00855   -1.63241
0.36891   -0.382083   1.22535
-2.30277   -0.0509649   -0.459288
3.12294   1.6948   -0.464128
1.19732   0.593921   0.0894035
-0.368716   -0.189899   0.540275
0.297844   -0.0631153   -1.41364
2.16755   -0.19677   0.624829
-0.288226   -0.898859   0.667113
-0.372066   -0.68872   1.75555
-1.524   1.78719   -1.12557
0.19552   1.7949   -2.33676
-0.800806   1.70744   -0.00920285
-0.401649   -0.190657   -1.15591
-0.584223   0.418376   1.55427
-0.894367   -0.518843   -0.514432
0.591134   -0.938819   1.5849
-0.517057   -0.209475   2.48915
-1.34257   0.836112   -2.18035
2.30826   0.15487   0.828074
0.195989   1.22718   0.10984
-0.794376   1.33837   0.417276
-0.427292   -0.224892   0.551572
2.44781   -0.597874   0.736375
-1.10452   0.112152   0.299485
-1.77002   -0.961062   -0.375989
-2.00821   -1.11148   -2.02203
-0.734118   1.19908   2.10029
1.42631   -0.403657   -0.751478
0.434059   0.232944   2.04253
0.112254   -1.25342   -0.0812059
-0.610463   -0.639799   -0.400015
0.216377   0.838352   0.152728
-1.22726   -1.92278   -0.316644
0.888214   1.09909   0.600991
1.35964   -1.12642   -0.303622
0.727604   -2.81387   -2.43646
1.41576   0.133021   -0.754607
0.576765   -1.29425   0.462458
-1.65839   1.23727   1.19774
-0.93077   -0.912726   -0.455768
0.509885   2.20187   -0.733911
-0.897138   -1.08376   -1.89617
0.609589   0.0434257   -1.10854
-0.493731   -1.78142   0.0733406
0.0564289   -0.788193   0.601713
1.53373   -2.9905   2.10101
-1.37288   0.743272   -0.718376
0.112781   -0.106304   -0.0296818
-0.26327   -0.60175   -0.00629901
0.236368   0.757882   -0.16153
-1.19386   1.50816   0.860992
-2.00194   -0.813756   0.280417
-0.652241   -1.70032   -1.57267
1.67081   -0.880082   0.515982
2.62442   0.9472   -1.28261
1.27308   0.357899   -0.334908
0.136248   0.762639   1.17371
0.832424   1.06721   -0.595992
-0.378511   2.85142   -1.33674
-0.547207   1.9881   1.95934
0.735115   2.39832   -2.31681
0.314836   0.131988   0.643683
-0.727373   -0.946417   -0.231209
-0.633156   -0.336899   1.30652
1.14399   0.760139   0.11609
-1.36537   0.587342   0.895536
1.02767   -0.702378   -0.115891
0.37732   -0.0395049   -0.521041
0.751417   1.89652   -1.3089
-0.103335   -0.785113   0.274522
0.78784   -0.876653   -0.30186
-0.680233   -1.1234   0.95256
-0.126317   0.820909   -0.518378
1.72281   0.805379   -0.890763
-0.417878   -0.0602582   -1.10216
-2.08541   0.531387   -0.287157
1.16767   0.701782   1.03693
0.87351   -0.7204   0.20864
1.02502   -0.592375   -0.811728
-0.0947549   -0.0824028   -0.257771
0.334292   -0.865604   -0.794526
-0.526184   0.890127   2.16727
0.430537   1.3187   -1.43891
0.329025   -1.08292   -0.889956
0.55888   0.731915   0.461526
0.592017   -1.79935   2.03989
0.464234   -0.0871227   0.0858107
-0.854677   0.200852   0.53444
