-nan   -nan   -nan
-nan   -nan   -nan
-nan   -nan   -nan
-nan   -nan   -nan
-nan   -nan   -nan
-nan   -nan   -nan
-nan   -nan   -nan
-nan   -nan   -nan
-nan   -nan   -nan
-nan   -nan   -nan
-nan   -nan   -nan
-nan   -nan   -nan
-nan   -nan   -nan
-nan   -nan   -nan
-0.497075   0.111911   0.226972
-nan   -nan   -nan
-nan   -nan   -nan
-nan   -nan   -nan
0.216053   0.435491   -0.0170608
-nan   -nan   -nan
-nan   -nan   -nan
-nan   -nan   -nan
-nan   -nan   -nan
-nan   -nan   -nan
-nan   -nan   -nan
-nan   -nan   -nan
-nan   -nan   -nan
-nan   -nan   -nan
-0.297162   0.148716   0.333395
-nan   -nan   -nan
-nan   -nan   -nan
-nan   -nan   -nan
-nan   -nan   -nan
-nan   -nan   -nan
-nan   -nan   -nan
-nan   -nan   -nan
-nan   -nan   -nan
-nan   -nan   -nan
-nan   -nan   -nan
-nan   -nan   -nan
-nan   -nan   -nan
-nan   -nan   -nan
-nan   -nan   -nan
-nan   -nan   -nan
-nan   -nan   -nan
-nan   -nan   -nan
-nan   -nan   -nan
-nan   -nan   -nan
-nan   -nan   -nan
-nan   -nan   -nan
0.246538   0.315776   0.177029
-nan   -nan   -nan
-nan   -nan   -nan
-nan   -nan   -nan
-nan   -nan   -nan
-nan   -nan   -nan
-nan   -nan   -nan
-nan   -nan   -nan
-nan   -nan   -nan
-nan   -nan   -nan
-nan   -nan   -nan
-nan   -nan   -nan
-nan   -nan   -nan
-nan   -nan   -nan
-nan   -nan   -nan
-nan   -nan   -nan
-nan   -nan   -nan
-nan   -nan   -nan
-nan   -nan   -nan
-nan   -nan   -nan
-nan   -nan   -nan
-nan   -nan   -nan
-nan   -nan   -nan
-nan   -nan   -nan
-nan   -nan   -nan
-nan   -nan   -nan
-nan   -nan   -nan
-nan   -nan   -nan
0.0585915   -0.224366   0.13537
-nan   -nan   -nan
-nan   -nan   -nan
-0.176922   0.0822259   0.260507
-nan   -nan   -nan
-nan   -nan   -nan
-nan   -nan   -nan
-nan   -nan   -nan
-nan   -nan   -nan
-nan   -nan   -nan
-nan   -nan   -nan
-nan   -nan   -nan
-nan   -nan   -nan
-nan   -nan   -nan
-nan   -nan   -nan
-nan   -nan   -nan
-nan   -nan   -nan
-nan   -nan   -nan
-nan   -nan   -nan
-nan   -nan   -nan
-nan   -nan   -nan
-nan   -nan   -nan
-nan   -nan   -nan
-nan   -nan   -nan
-nan   -nan   -nan
-nan   -nan   -nan
-nan   -nan   -nan
-nan   -nan   -nan
-nan   -nan   -nan
-nan   -nan   -nan
