-nan   -nan   -nan
-nan   -nan   -nan
-nan   -nan   -nan
-nan   -nan   -nan
-nan   -nan   -nan
-nan   -nan   -nan
-nan   -nan   -nan
-nan   -nan   -nan
-nan   -nan   -nan
-nan   -nan   -nan
-nan   -nan   -nan
-nan   -nan   -nan
-nan   -nan   -nan
-nan   -nan   -nan
0.222317   -0.207907   0.708667
-nan   -nan   -nan
-nan   -nan   -nan
-nan   -nan   -nan
0.0695009   -0.724763   0.54608
-nan   -nan   -nan
-nan   -nan   -nan
-nan   -nan   -nan
-nan   -nan   -nan
-nan   -nan   -nan
-nan   -nan   -nan
-nan   -nan   -nan
-nan   -nan   -nan
-nan   -nan   -nan
0.249589   0.143737   0.806917
-nan   -nan   -nan
-nan   -nan   -nan
-nan   -nan   -nan
-nan   -nan   -nan
-nan   -nan   -nan
-nan   -nan   -nan
-nan   -nan   -nan
-nan   -nan   -nan
-nan   -nan   -nan
-nan   -nan   -nan
-nan   -nan   -nan
-nan   -nan   -nan
-nan   -nan   -nan
-nan   -nan   -nan
-nan   -nan   -nan
-nan   -nan   -nan
-nan   -nan   -nan
-nan   -nan   -nan
-nan   -nan   -nan
-nan   -nan   -nan
-nan   -nan   -nan
0.334659   -0.459568   -0.01788
-nan   -nan   -nan
-nan   -nan   -nan
-nan   -nan   -nan
-nan   -nan   -nan
-nan   -nan   -nan
-nan   -nan   -nan
-nan   -nan   -nan
-nan   -nan   -nan
-nan   -nan   -nan
-nan   -nan   -nan
-nan   -nan   -nan
-nan   -nan   -nan
-nan   -nan   -nan
-nan   -nan   -nan
-nan   -nan   -nan
-nan   -nan   -nan
-nan   -nan   -nan
-nan   -nan   -nan
-nan   -nan   -nan
-nan   -nan   -nan
-nan   -nan   -nan
-nan   -nan   -nan
-nan   -nan   -nan
-nan   -nan   -nan
-nan   -nan   -nan
-nan   -nan   -nan
-nan   -nan   -nan
0.275899   0.0992855   0.592073
-nan   -nan   -nan
-nan   -nan   -nan
-0.641438   0.353708   0.496345
-nan   -nan   -nan
-nan   -nan   -nan
-nan   -nan   -nan
-nan   -nan   -nan
-nan   -nan   -nan
-nan   -nan   -nan
-nan   -nan   -nan
-nan   -nan   -nan
-nan   -nan   -nan
-nan   -nan   -nan
-nan   -nan   -nan
-nan   -nan   -nan
-nan   -nan   -nan
-nan   -nan   -nan
-nan   -nan   -nan
-nan   -nan   -nan
-nan   -nan   -nan
-nan   -nan   -nan
-nan   -nan   -nan
-nan   -nan   -nan
-nan   -nan   -nan
-nan   -nan   -nan
-nan   -nan   -nan
-nan   -nan   -nan
-nan   -nan   -nan
-nan   -nan   -nan
