0.480661   -0.404822   -0.491729
-0.19268   -0.338343   0.134843
0.437055   0.38615   -0.322518
-0.179245   -0.443992   -0.0434947
-0.308407   -0.0345681   -0.407653
-0.00479421   0.261074   0.365855
-0.269963   -0.249961   0.154591
0.1064   0.291528   0.334955
0.169312   -0.18779   0.389207
-0.290112   0.069311   0.288599
-0.403725   -0.222521   -0.308076
0.383302   0.0231509   -0.433162
-0.152643   0.156373   -0.477719
-0.117283   -0.388557   0.414666
-0.194202   -0.446869   0.422038
0.239474   -0.383834   0.118837
0.156778   -0.393631   -0.0147137
-0.319706   -0.318589   -0.255393
-0.344665   0.142288   -0.0897404
0.0752657   -0.0552451   0.187415
-0.14231   0.258748   0.198466
-0.310457   0.0341197   -0.215038
-0.201692   -0.449539   0.201585
-0.484393   -0.0360616   0.401468
-0.309466   0.0288232   -0.0456903
-0.183468   -0.367314   0.367452
-0.343416   0.342326   -0.458133
-0.290059   -0.146187   -0.294203
0.0949634   -0.374972   -0.362966
0.104924   0.413446   0.312558
-0.483621   0.435167   0.258602
-0.377572   -0.226197   0.0927737
0.280189   0.40764   -0.164137
-0.0702511   0.0320124   -0.149879
0.0246394   -0.0240079   0.0347959
0.315733   -0.00843288   0.216626
-0.0142372   0.353462   0.219529
0.483645   0.0270903   -0.137829
-0.368226   0.293867   -0.367832
-0.302455   -0.364186   -0.393962
0.426909   -0.41005   0.362077
0.097457   0.0797545   0.00432443
-0.247372   0.0694282   -0.388542
-0.393218   0.250781   0.219139
-0.0524497   -0.402957   -0.138632
-0.043632   -0.405503   0.397441
-0.468211   -0.323253   0.0927697
0.252776   0.024348   -0.116227
-0.330245   0.0580563   -0.117725
0.0817393   -0.463321   -0.0450158
0.0585145   0.0354973   -0.262924
-0.0137259   0.155011   -0.397687
0.284236   -0.33137   0.390754
0.169939   0.0111208   0.0458491
0.15592   0.00741294   -0.0441017
-0.498237   -0.216385   0.497119
0.0407287   0.49766   -0.225294
-0.330286   0.0466501   0.177895
-0.287829   -0.24871   0.0545279
-0.266647   0.337441   -0.432927
-0.37868   -0.395444   -0.0544471
0.496312   0.328391   -0.173021
-0.433946   -0.180659   0.319459
0.0171774   0.247894   0.262334
-0.194028   -0.219307   0.25201
-0.172269   0.0325352   -0.234759
0.313248   -0.166265   0.347664
0.471442   0.466461   0.487597
0.217816   0.385288   0.200151
0.127927   0.46023   -0.421875
0.478238   0.458849   -0.336271
0.282678   -0.210305   -0.0334638
-0.475217   0.393729   -0.0978276
0.0100234   -0.446981   -0.472438
0.186741   0.456052   0.494324
-0.332103   0.221549   0.00740093
-0.425773   -0.00373562   -0.294638
0.0100277   0.470874   -0.409772
-0.392609   -0.078692   -0.0341502
-0.251448   -0.0542876   0.250853
-0.426159   0.32884   0.155437
-0.0960112   -0.302387   -0.00967
0.137154   0.105602   -0.111693
0.324362   0.171367   0.00800455
0.457188   -0.495363   -0.252113
0.258751   -0.378007   -0.237038
0.17851   -0.498871   -0.356368
-0.377631   -0.456752   0.0169491
-0.0595508   -0.494491   0.41195
-0.249472   0.322313   0.368691
0.123788   0.382186   0.472531
0.0238696   -0.00546948   0.117784
-0.34612   0.413863   -0.380552
-0.125299   -0.125653   -0.0651342
-0.0514525   -0.431578   0.477632
-0.0852763   -0.327769   0.478598
-0.0406903   0.483855   0.499649
-0.399663   0.188826   0.00289747
-0.429101   -0.330777   -0.223075
0.407335   0.469754   0.292837
-0.399042   0.391793   0.113738
0.215648   0.164231   0.104002
-0.262055   0.138004   -0.106503
-0.459788   -0.0511515   -0.14492
-0.192485   -0.314466   0.213728
0.0561927   0.43731   -0.461869
0.272512   0.0471851   -0.342741
-0.191528   0.483235   -0.425786
