0.241139   -0.98441   -0.883902
1.29857   0.950395   0.58963
1.66104   -0.748189   -0.643215
-0.154041   -0.210387   0.353076
0.0453848   -1.32474   0.157576
-0.938377   -1.3928   0.325871
0.0596108   0.907884   -0.896167
0.31898   0.967446   -0.101496
0.682679   -0.525695   1.7265
0.694678   1.79418   1.86798
0.491977   0.94656   -2.15905
-0.0040768   -0.462253   1.21511
0.670816   -0.675208   0.582911
1.37319   0.130847   -0.924428
0.353048   1.11285   -0.346673
-1.56596   0.799052   -1.73713
0.770976   0.648605   0.829645
2.12619   -0.723047   1.79114
1.17374   0.75217   0.574053
1.0391   -1.13923   1.52892
0.0583198   -0.42896   -0.562263
1.84739   0.0706827   0.475233
1.33298   0.149128   1.06962
2.05418   -0.268451   -0.818011
-1.09282   -0.255011   0.33745
-0.11014   0.328242   0.26609
2.42658   -0.407474   0.119977
-1.54574   0.639957   0.652022
-0.33907   -1.83588   -1.09495
-0.962411   -0.226841   -0.331847
-0.917592   -0.045273   1.03869
1.03117   0.526571   0.0707478
0.547332   1.42644   0.898158
-0.289436   -1.0762   0.834972
0.616231   0.771864   0.755265
0.237438   -1.35899   -0.826858
-0.287067   1.8233   -0.560587
0.335853   0.0624473   -0.0478245
-0.263083   0.0478972   0.453609
-1.2155   1.39293   1.05008
0.316917   -1.71298   1.69977
2.04999   0.155999   0.747522
-0.840783   -0.482331   -0.773643
-1.62688   0.229377   -0.377447
-0.163495   -1.30729   -0.435925
-0.242872   0.523128   0.00123697
-0.651778   -0.780319   0.932504
-1.21036   -1.11557   0.254897
-1.00113   0.676141   -1.09352
-1.65167   -0.293127   -0.0159078
-0.689701   -1.40565   3.19668
-1.54098   -0.972136   0.412804
-0.719512   -0.343189   -0.187607
-1.3914   1.42741   0.723113
0.944341   -1.21469   0.624772
0.281899   -1.4011   0.282119
-0.00521052   -1.97439   0.0285703
-0.203686   1.30715   0.279302
1.04323   0.464588   0.820277
0.356129   1.32776   -0.903353
-0.688225   2.14538   -0.79078
-0.310429   0.397115   -1.37124
-2.01044   0.681829   -0.518772
2.21592   0.908068   0.664745
0.0664053   0.643173   -1.22647
-0.853667   0.372555   0.31862
-0.626353   2.55252   0.258399
0.85858   0.298459   -1.47396
-1.69814   -0.317914   -1.27837
-0.834614   0.724022   -1.71488
1.2867   -2.75752   -3.22481
0.577043   1.44646   -0.411638
0.806014   -0.510309   0.397572
0.0413864   -0.296704   1.23765
0.0403458   -0.166805   -1.02102
0.313332   0.523262   -0.666312
-1.06486   -0.623663   -0.666108
-0.946269   0.218486   -0.108715
-0.451835   1.57099   0.982344
0.991492   -0.341447   -0.977478
-1.3613   -0.045559   -1.45643
-0.139233   -1.16223   -0.341049
-0.354246   -1.03116   1.44621
0.119691   -0.811283   -1.18067
0.417849   -1.66832   -0.887143
0.417683   1.08097   -1.32322
-0.894344   -0.0650088   -0.774849
-1.27711   0.143486   0.195977
-0.779224   -0.415663   0.60874
-0.465167   1.26864   0.829521
0.449826   0.0814012   0.0761086
-0.194637   0.38273   1.32806
0.337297   1.53143   -0.245061
-0.436969   -0.987114   -0.424311
1.21648   -1.45194   1.13491
-0.206821   -1.2726   0.251011
1.65101   2.10272   0.419589
0.826451   0.58107   -0.394567
-1.24618   -0.414657   -1.0454
0.475709   -0.395073   -0.436633
0.696677   -0.550513   -0.463434
-0.203823   -0.668154   -0.000142436
-0.11943   -0.38404   0.527463
-1.27108   -0.259476   -0.281508
0.826214   0.538325   0.231507
-0.87471   1.29891   -0.751122
-1.15746   1.27421   -0.123165
-1.02187   -1.43826   0.82473
