0.492205   0.305936   -0.2047
0.0650975   0.385144   -0.244664
-0.27585   0.454954   0.0109519
-0.324853   0.0828718   0.467709
0.341437   0.446805   -0.171417
-0.205474   -0.163663   -0.172969
0.457145   -0.378558   0.141592
-0.0887807   0.239151   -0.0410468
-0.357542   -0.290955   -0.250041
0.488903   -0.458551   -0.288623
-0.171319   -0.351748   -0.31343
-0.382934   -0.255875   -0.483627
0.334072   0.491197   0.226467
0.0750008   -0.150005   0.335858
-0.116417   0.209141   0.434632
-0.269143   -0.393935   -0.106247
0.237123   0.194092   0.345764
0.0628844   0.0922876   0.418539
-0.353523   0.33989   -0.332058
0.182973   -0.120294   0.111351
0.32921   0.403379   0.386457
-0.418999   0.300752   0.0107867
0.252241   0.0482706   -0.273276
0.162612   0.0134432   -0.0543318
-0.242898   -0.0319039   0.162371
-0.28094   0.292516   -0.13536
-0.415893   -0.143043   0.150526
0.356807   0.191797   -0.0172884
0.0928133   0.154245   -0.38018
-0.487889   -0.0505957   -0.487124
-0.100171   0.0202164   0.474253
-0.25315   0.393489   0.489253
0.0815883   0.170361   -0.156968
-0.436746   0.464122   -0.114003
0.1444   -0.489192   -0.436492
0.01486   -0.19136   -0.22084
-0.0583974   0.477975   -0.458405
0.0319356   -0.216703   -0.00512269
0.148604   0.441512   0.144095
-0.060231   -0.324812   0.360878
0.429816   -0.00795423   -0.290725
-0.223724   -0.401199   0.498772
0.49908   0.0673188   0.0768386
0.454351   0.21566   0.41355
0.155127   0.226197   0.104062
-0.126257   0.176378   -0.252068
-0.342156   -0.381774   0.106248
-0.0431252   0.411122   0.0739562
-0.149618   0.352893   -0.334582
-0.0366829   -0.431798   -0.0467389
-0.136422   -0.0173596   -0.312341
0.479421   0.0233381   0.2996
0.313363   0.465956   -0.39675
-0.237045   0.0574944   -0.0281361
0.00378274   0.0531313   0.0833158
0.0591877   0.299616   0.48357
-0.29196   -0.07927   0.35465
-0.323447   0.226018   0.339542
0.244128   0.243286   -0.24789
-0.474091   -0.240703   -0.0380182
-0.431421   0.412605   0.183766
0.35222   -0.0620872   -0.0693444
0.273068   -0.0811353   0.33415
0.304419   0.104131   0.151135
0.0326014   -0.384968   -0.219012
-0.4537   0.132687   -0.137587
-0.334896   0.152591   0.142947
-0.227179   -0.206636   0.0189549
-0.448504   0.373498   0.370772
0.38796   -0.0926849   0.143613
-0.143955   -0.168153   -0.428768
-0.0926507   0.466474   0.33353
-0.339238   0.13849   -0.292016
-0.480886   -0.257902   0.32922
0.0544995   -0.0737596   -0.446117
-0.317556   -0.0576021   -0.331752
-0.42433   -0.0755068   -0.136407
0.0310338   0.234703   0.294629
0.285862   0.268685   -0.484056
-0.24173   -0.277496   0.281531
-0.32907   -0.469868   -0.353895
0.380881   -0.359741   -0.468015
-0.306883   -0.490075   0.319164
0.340378   0.311438   0.150754
-0.0467659   -0.142862   0.187329
-0.148501   0.472572   -0.18978
0.230495   -0.179117   -0.259353
0.129476   0.03358   0.252181
-0.0909983   -0.345124   0.146174
0.489882   0.416791   -0.455616
0.124621   -0.437471   0.38366
0.155012   -0.31334   0.162944
0.306925   0.0466416   -0.480086
-0.0320158   -0.014069   -0.135199
0.449726   0.185006   -0.366501
0.489451   0.204864   0.208132
0.48926   -0.443947   0.363391
0.128518   -0.280917   -0.448533
0.406642   0.449079   0.0265118
0.236348   -0.436218   -0.00957273
0.280105   -0.152232   -0.463661
0.266517   -0.232172   -0.0383663
0.419911   -0.229445   -0.296689
-0.164502   0.226294   0.140352
0.3   -0.357681   -0.197586
-0.0700765   0.0488326   0.276128
0.3156   -0.269704   0.364406
0.158959   0.35225   -0.0675842
