-0.951668   -0.287053   0.316087
-0.183675   0.0393674   -0.241627
0.509982   -0.369097   0.640841
0.731235   0.686086   2.05132
0.548747   0.813978   0.186304
-1.50981   -1.70927   0.344576
-1.8035   -0.3317   -1.35409
-0.728892   2.06679   1.7894
0.520325   -0.43302   -0.187712
-0.46443   0.417421   0.614487
-0.335362   -0.171747   -1.96315
-1.11412   0.952652   1.72213
1.03517   0.0528268   0.702547
0.261778   1.62605   -1.25749
-0.39296   -0.0318574   -0.125662
-0.458054   -1.04037   1.79883
0.417669   -0.276693   -0.248599
1.2713   -0.24868   0.533878
-0.520124   -0.884154   2.01781
0.261649   -1.16992   -1.08867
-0.379202   0.590109   0.941417
0.181618   -1.158   -1.75825
-0.156283   0.223292   0.77099
-0.351087   -0.849744   0.0949118
-0.137921   -0.521047   0.873475
1.3751   -0.261535   -0.76203
-0.689297   0.647997   0.517688
0.577772   -0.291667   -0.0100218
1.81407   0.103261   0.9748
0.425286   -0.545587   0.895305
0.324845   -0.74111   -0.302875
-0.180682   0.316611   -0.202045
-0.326779   0.154256   -2.07841
2.13673   -1.38119   0.293855
1.05549   -1.26983   0.412617
-0.585637   -0.989198   -1.85466
0.578505   -0.0571991   -2.31294
-0.656179   -0.317161   -0.240381
-0.502826   -0.650726   -0.942722
-1.04948   1.28837   -0.557748
-0.489822   -1.31253   0.799379
-1.522   -0.488947   0.706968
0.525891   -1.64081   0.290378
-0.570216   1.47399   -0.507712
-0.684058   1.63864   0.00100132
0.0475291   0.616134   0.287477
0.825087   -1.03404   2.06789
-1.19654   0.119732   -2.45256
1.90587   0.720199   -1.42904
0.365129   1.39025   0.876835
-0.331392   0.156657   1.16204
-1.59451   1.23145   -0.332777
-1.29201   1.55198   0.0690975
0.650669   0.542341   0.577537
2.02277   0.056455   0.153151
-2.14783   -0.785304   0.878978
-0.799048   0.350419   1.20315
0.699798   0.839363   -0.643404
1.90461   -1.46031   -1.15578
1.16464   -0.224885   1.1573
-0.0991197   0.0596754   0.108191
-0.573486   -0.794339   0.489605
0.759252   0.147757   -0.9359
-1.40107   -1.67188   -1.39886
-0.818958   1.39087   -1.1773
1.70424   1.16517   -0.157872
0.303742   1.06612   -0.90185
1.44484   -1.02419   -0.301509
0.918107   -0.96675   -0.197253
0.723599   0.848543   -1.10419
0.844214   -0.0351343   -1.40243
-0.689353   0.553272   1.98366
-1.26006   -1.18222   0.203027
-1.17311   -0.822154   0.596507
0.557115   -1.60645   -2.16162
-0.406452   0.869634   0.88896
-1.3567   -0.867717   0.532239
0.0831811   -1.55574   0.946553
-0.92648   -1.54989   0.834537
0.457056   0.267222   -0.260657
2.00407   -0.925897   -0.130451
0.00656254   0.110343   0.00781629
-0.698735   -1.38664   0.722168
1.65286   0.350346   -1.20262
-0.0393778   0.465613   -0.806588
-0.628771   0.800222   1.26416
-0.357199   -0.0564222   -1.61613
-0.650808   -0.639299   1.19511
-0.0645631   1.44078   -0.343082
-0.650129   1.4642   0.202248
1.27118   -0.740507   -1.22317
-0.817273   -0.101086   1.79665
-1.63569   -0.701817   1.46648
-0.845801   1.23589   0.289924
-0.523679   0.750909   -0.96883
0.496195   0.730786   2.0418
1.4053   -0.59066   -1.33332
0.613084   0.144608   -1.09406
-0.875984   1.21481   1.393
-0.148714   0.579374   0.493222
-0.234487   0.574579   -0.352783
1.35093   1.61446   -0.128029
-0.550055   2.66097   0.0686249
2.92538   -0.122919   -1.08359
-1.35482   0.025661   -2.07777
0.460894   -0.35685   0.303421
0.00174884   -1.20039   -0.50072
-1.23655   0.634831   0.318572
