-0.49908   0.496243   0.496627
-0.328378   -0.329706   -0.49775
-0.493661   -0.336188   -0.335788
-0.333921   0.499197   -0.331986
-0.166493   0.494945   -0.499399
-0.003581   -0.338648   -0.498756
-0.166439   -0.329869   -0.336753
0.00121737   -0.496308   -0.333721
0.169272   0.497994   -0.493411
0.335984   -0.326486   -0.492871
0.168544   -0.329721   -0.341573
0.333318   0.498236   -0.328696
-0.49744   -0.169243   -0.497775
-0.328093   0.000499295   0.496472
-0.498653   0.00424682   -0.334656
-0.339309   -0.163617   -0.339963
-0.163725   -0.164192   -0.496834
0.00811387   -0.00275934   -0.493165
-0.162187   0.00287044   -0.331143
0.00396538   -0.171014   -0.327499
0.166889   -0.168304   0.497854
0.340383   0.00026987   -0.498186
0.171754   0.000569263   -0.329251
0.341173   -0.167691   -0.336455
0.495829   0.165693   -0.498712
-0.333754   0.334586   -0.498984
-0.49074   0.331778   -0.332875
-0.339232   0.169109   -0.330845
-0.167961   0.159661   0.495821
-0.00367273   0.332468   0.498734
-0.170168   0.333161   -0.329369
0.00393518   0.168676   -0.333063
0.168756   0.17211   -0.496572
0.332229   0.329226   -0.496814
0.169018   0.336279   -0.330451
0.33424   0.16148   -0.336489
0.498905   -0.493042   -0.168806
-0.332052   -0.333095   -0.166849
0.498996   -0.33315   0.00173112
-0.337972   -0.494684   0.0040074
-0.165457   0.493463   -0.16018
0.00782324   -0.332738   -0.163814
-0.169875   -0.335174   -0.00295236
-0.00620863   -0.499125   -0.00144047
0.166043   0.495011   -0.16833
0.332407   -0.331337   -0.166662
0.164179   -0.336311   0.00355856
0.328714   0.495743   0.000972812
0.496179   -0.164086   -0.17084
-0.339636   -0.00111868   -0.166728
0.497368   -0.00536444   0.0121992
-0.339214   -0.170377   0.0015754
-0.169412   -0.167976   -0.167383
-0.0053099   0.00544743   -0.163907
-0.163063   -0.0046354   0.00238432
0.00107578   -0.172014   0.00107659
0.166647   -0.174201   -0.166558
0.332556   0.00498829   -0.165601
0.170648   0.00177294   0.00313042
0.334693   -0.1616   -0.00344733
0.497374   0.174854   -0.169685
-0.334518   0.334849   -0.1719
0.492328   0.335935   -0.00197965
-0.324877   0.170132   0.00253697
-0.166413   0.169121   -0.171347
-0.00325773   0.334755   -0.165451
-0.169057   0.343074   0.00098609
0.0032766   0.167806   -0.00562498
0.160186   0.165454   -0.171545
0.330148   0.336096   -0.173211
0.171577   0.32281   -0.0123065
0.335535   0.172187   -0.0015709
-0.496924   0.498053   0.168184
-0.333175   -0.334466   0.17139
-0.499846   -0.33397   0.329437
-0.332138   -0.498003   0.330791
-0.170731   0.49762   0.164125
-0.0036111   -0.3325   0.166252
-0.168391   -0.327338   0.337082
0.00378384   0.498697   0.329603
0.161472   0.499826   0.161109
0.332802   -0.337769   0.165365
0.165315   -0.337268   0.338852
0.33379   0.496904   0.328828
-0.498405   -0.173033   0.163281
-0.331739   0.00412522   0.161617
0.496587   -0.000248057   0.330377
-0.338207   -0.166119   0.334081
-0.16964   -0.168253   0.16899
-0.00177526   0.00484144   0.169832
-0.16495   0.000310767   0.333624
-0.000742806   -0.165206   0.338402
0.167954   -0.160822   0.165731
0.331666   -0.00376711   0.165047
0.171309   -0.00554096   0.337664
0.332544   -0.171523   0.334291
-0.493699   0.174691   0.168268
-0.330179   0.335551   0.165161
0.495244   0.331751   0.329344
-0.331518   0.165159   0.331667
-0.164008   0.164566   0.164898
-0.000777857   0.330784   0.166666
-0.167122   0.331868   0.335346
-0.00485086   0.165677   0.332259
0.16982   0.168721   0.16755
0.329995   0.33829   0.1638
0.16225   0.338196   0.332863
0.329434   0.161178   0.336481
