0.237969   -0.971285   -0.872059
1.28123   0.937784   0.581807
1.63884   -0.73813   -0.634622
-0.152067   -0.207655   0.348373
0.0447962   -1.30704   0.155489
-0.925823   -1.37417   0.321566
0.0588192   0.895806   -0.884313
0.314781   0.954535   -0.100196
0.673494   -0.518649   1.70347
0.685319   1.77036   1.8431
0.485367   0.933939   -2.13024
-0.00412047   -0.456135   1.19894
0.661833   -0.666226   0.575233
1.3549   0.12907   -0.91208
0.34829   1.09797   -0.342058
-1.54511   0.788302   -1.714
0.760622   0.639854   0.818519
2.09773   -0.713427   1.76716
1.1581   0.742134   0.566364
1.02521   -1.12405   1.50846
0.0575322   -0.423254   -0.5548
1.82275   0.0698408   0.4689
1.31516   0.147261   1.05531
2.02677   -0.264937   -0.807151
-1.07833   -0.251644   0.333047
-0.108674   0.32392   0.262631
2.39429   -0.402118   0.118431
-1.52519   0.631521   0.643382
-0.334561   -1.81138   -1.08044
-0.949542   -0.223792   -0.327473
-0.905393   -0.0446435   1.0249
1.01743   0.519476   0.0698941
0.54009   1.4074   0.886213
-0.285619   -1.06189   0.823826
0.608078   0.761585   0.745207
0.234276   -1.3409   -0.815874
-0.283217   1.79895   -0.553152
0.331346   0.0615835   -0.0471343
-0.259478   0.0472906   0.447594
-1.19916   1.37434   1.03612
0.312729   -1.69023   1.67719
2.02267   0.154002   0.737574
-0.829533   -0.475943   -0.763303
-1.60526   0.22634   -0.372448
-0.161264   -1.28993   -0.430137
-0.239596   0.516166   0.00120628
-0.643145   -0.769892   0.920009
-1.19418   -1.10073   0.251552
-0.987773   0.667109   -1.07892
-1.62959   -0.289248   -0.0157935
-0.680523   -1.38704   3.15403
-1.52044   -0.959155   0.407337
-0.709862   -0.338619   -0.185082
-1.37286   1.40847   0.713423
0.931743   -1.19841   0.61648
0.278138   -1.38245   0.27833
-0.00519805   -1.94812   0.0281686
-0.200997   1.28966   0.275533
1.02936   0.458363   0.809387
0.351424   1.31011   -0.891257
-0.679031   2.11678   -0.78037
-0.306245   0.391761   -1.35311
-1.98367   0.67268   -0.511779
2.18635   0.895916   0.656
0.0655976   0.634589   -1.21015
-0.842249   0.367559   0.314403
-0.617962   2.51855   0.254938
0.847184   0.294448   -1.45433
-1.67552   -0.313612   -1.26124
-0.823561   0.714398   -1.69188
1.2696   -2.72072   -3.18176
0.569253   1.42721   -0.40615
0.795268   -0.503473   0.392284
0.040772   -0.29276   1.22111
0.0398544   -0.164539   -1.00747
0.309118   0.516295   -0.657497
-1.0507   -0.615406   -0.657326
-0.933595   0.215535   -0.107342
-0.445838   1.55006   0.969209
0.97834   -0.336929   -0.964416
-1.34304   -0.0449047   -1.43691
-0.137298   -1.14672   -0.336475
-0.34953   -1.01735   1.42692
0.118146   -0.80049   -1.16499
0.412314   -1.64602   -0.875385
0.412098   1.06656   -1.30558
-0.882419   -0.064119   -0.764429
-1.26003   0.141485   0.193372
-0.768806   -0.410121   0.600613
-0.45903   1.25174   0.818457
0.443813   0.0804097   0.0751128
-0.192062   0.37763   1.31036
0.332844   1.51106   -0.241822
-0.431187   -0.974003   -0.418709
1.20026   -1.4326   1.11972
-0.204106   -1.25554   0.247688
1.62902   2.07463   0.41402
0.815415   0.573326   -0.389312
-1.22953   -0.409068   -1.03149
0.4694   -0.389824   -0.430817
0.687344   -0.543221   -0.457186
-0.201121   -0.659201   -4.33255e-05
-0.117804   -0.378926   0.52044
-1.25423   -0.255974   -0.277819
0.815171   0.531128   0.228358
-0.862953   1.28161   -0.741139
-1.14203   1.25723   -0.121541
-1.00818   -1.41909   0.813794
