-0.499189   0.490071   -0.49691
-0.34689   -0.330358   0.498061
0.483738   -0.335402   -0.308235
-0.328983   -0.482712   -0.335835
-0.168078   0.499493   -0.494559
0.00575683   -0.331585   -0.479647
-0.190111   -0.296648   -0.325904
-0.0166291   0.479248   -0.328782
0.159401   0.469729   -0.468641
0.330019   -0.344415   -0.480735
0.163312   -0.334345   -0.337587
0.338815   0.478899   -0.327221
0.488417   -0.171054   0.490482
-0.34088   -0.00284553   0.485047
-0.491538   0.0309307   -0.350468
-0.364498   -0.146216   -0.323151
-0.169558   -0.170891   0.488716
0.00677951   0.00305098   0.488118
-0.17432   -0.014148   -0.34333
0.00162005   -0.162753   -0.343955
0.172517   -0.17661   -0.497178
0.33924   0.00460112   0.486928
0.172624   0.00427945   -0.352837
0.326533   -0.159272   -0.327537
0.491777   0.166809   0.482764
-0.331154   0.328042   0.497811
-0.493414   0.32033   -0.334158
-0.307766   0.166558   -0.336752
-0.146863   0.163021   0.499452
-0.00617006   0.336349   0.477999
-0.154713   0.33027   -0.341453
0.00787978   0.158976   -0.338868
0.17421   0.18703   0.499348
0.333893   0.344006   0.494754
0.17804   0.322346   -0.314057
0.337895   0.163917   -0.33532
-0.479094   0.479809   -0.162687
-0.344219   -0.33441   -0.169347
0.488223   -0.335204   -0.00872707
-0.337868   0.498488   -0.00124497
-0.172921   -0.492393   -0.154683
-0.0134333   -0.323659   -0.158172
-0.178409   -0.338014   0.00692422
0.00699854   -0.484377   0.00751289
0.147459   -0.478797   -0.175684
0.332154   -0.329284   -0.167508
0.178406   -0.321781   0.0172897
0.336376   0.490727   -0.0264417
0.48712   -0.149499   -0.139555
-0.315868   -0.0117874   -0.135593
0.470685   0.017867   -0.0113118
-0.331166   -0.170162   0.0220053
-0.163572   -0.148452   -0.153171
0.00890501   0.0036434   -0.16297
-0.147734   -0.0133246   0.0116613
0.00167965   -0.179126   -0.00381273
0.164255   -0.191539   -0.169502
0.290403   -0.0145889   -0.167386
0.148957   0.00161685   0.00291121
0.317573   -0.157769   0.0094073
-0.482328   0.160196   -0.177224
-0.313289   0.344231   -0.185164
-0.493027   0.32603   -0.0134778
-0.332804   0.177241   -0.0108624
-0.168764   0.165454   -0.163056
0.0132208   0.335064   -0.157973
-0.160673   0.335145   -0.0113255
0.00179761   0.1746   -0.00419257
0.164856   0.164966   -0.153837
0.337886   0.314421   -0.161133
0.169068   0.345702   -0.00651119
0.313016   0.158901   0.0083332
-0.495045   -0.497912   0.145864
-0.320811   -0.344052   0.175359
0.496017   -0.350328   0.341017
-0.352334   -0.494613   0.313995
-0.169549   -0.495896   0.174808
0.0102734   -0.340477   0.164174
-0.176365   -0.336602   0.345149
0.00382085   -0.497694   0.318163
0.172746   -0.491864   0.164294
0.333887   -0.353933   0.179799
0.173043   -0.360906   0.358779
0.334943   0.497604   0.335399
0.480244   -0.175168   0.159212
-0.324513   0.00440224   0.154952
-0.496969   -0.0107104   0.329306
-0.340682   -0.16234   0.314327
-0.16606   -0.164567   0.181652
0.00429486   0.0044063   0.168344
-0.143964   0.0142236   0.333054
-0.00468695   -0.167961   0.330359
0.167013   -0.162103   0.173031
0.327642   -0.00808115   0.171796
0.153628   0.0271019   0.325154
0.32577   -0.186743   0.330333
-0.474397   0.164066   0.179149
-0.322332   0.340705   0.156967
-0.483609   0.327784   0.349563
-0.318238   0.142106   0.338962
-0.170231   0.176729   0.158365
-0.00265166   0.352033   0.162016
-0.174601   0.33193   0.32693
-0.000442881   0.19969   0.31503
0.149688   0.172276   0.159604
0.35624   0.344782   0.172319
0.169409   0.33395   0.325508
0.353235   0.159533   0.327418
