-0.597835   -0.789945   0.148938
-0.23647   -0.644594   0.159061
-0.297789   -0.490712   -0.714479
0.420553   -0.363786   1.07187
0.53213   0.133341   -0.396353
-0.0663872   -1.10915   0.805645
0.189162   -1.3977   0.496624
-0.588511   0.493458   0.02001
1.22524   1.19763   -0.032671
-0.391183   -0.541358   -0.781781
-0.546048   -1.09958   -0.340529
-0.349149   -0.889768   2.04416
-0.692436   -0.58158   1.35451
0.141718   0.174726   -0.335498
1.12444   0.643221   -0.299422
1.09937   -0.679275   -0.648669
0.0916982   0.28366   0.258309
0.337813   0.796952   -0.174215
1.22529   -0.818184   0.871946
-0.943833   0.028388   -0.182371
-0.742277   -0.903397   -0.592186
-0.983403   1.48094   0.790057
-0.653572   1.81493   -0.0958727
1.05617   0.738964   -0.273084
-0.353003   -0.964347   0.447442
-0.78621   -0.309854   -0.864075
0.975362   -0.300356   0.393777
-0.298699   0.208966   -1.40717
0.761018   -0.319327   -0.00178743
0.865475   0.736338   -1.94664
-0.568384   -0.000228628   1.16444
-0.491482   0.444907   -0.953304
0.655036   0.786555   0.966746
0.223708   1.91766   -0.520636
0.132299   -0.115372   -0.287989
-1.41439   -0.190016   -0.0322989
0.362009   0.0651783   2.14434
1.64058   0.626277   1.00311
0.781889   -0.0162214   0.530141
0.664089   -0.888913   -1.16447
0.117545   0.441442   -0.579184
-0.124046   -0.821823   -0.84389
0.257423   -1.11035   0.441664
3.25941   -1.57339   -0.565853
0.98629   -1.73639   -0.861112
-0.56237   -0.647022   -0.397402
0.279082   0.0444749   -1.06539
-0.291822   -0.0330948   -0.160212
0.770755   -0.514797   -0.453539
1.55284   -0.519472   -1.26647
0.572482   1.09798   0.226818
0.413434   -0.368503   0.558637
-0.716998   -0.512042   -0.550144
0.332398   1.99976   -0.783405
0.542504   1.58325   1.18189
0.302498   1.23801   -0.280455
0.887025   0.962191   -0.577549
1.29004   0.395886   -1.2926
-0.506342   0.20731   0.411903
-1.80189   -0.568583   0.270984
-1.89704   -2.0019   -0.288673
-2.40522   1.30893   0.372686
-0.598123   1.17415   1.97812
0.814389   1.27265   -0.353536
1.03826   0.882247   -0.309341
-0.698962   -0.368275   -0.863421
-1.54103   -0.39701   -0.536059
0.451057   -1.58599   0.0653998
0.790329   1.04615   0.945864
-0.0553182   -0.133687   -0.232935
-0.13741   0.801234   0.89796
0.119329   -1.54452   -0.154989
0.30886   1.04833   -0.811928
1.09703   0.730941   1.14547
-0.668829   1.68625   1.0546
1.17685   -0.562669   1.78571
0.119528   -1.16601   -1.13526
-1.17073   -1.02538   0.785722
1.33989   0.530928   0.830605
-0.158141   1.13537   -1.26744
0.818869   -0.168232   -2.17811
-1.2445   0.592486   -0.191852
1.59486   0.345378   0.0435617
0.430601   -0.423507   0.0141594
-0.533075   -0.46072   0.39443
-0.941597   0.476305   1.13082
0.15074   0.787415   -0.912019
-0.19338   -0.0460494   0.157108
-1.04648   -0.448324   -0.19092
1.11752   -0.848138   -0.675337
0.450378   0.838811   -1.6524
0.81109   -1.14244   -0.359193
0.346438   -0.776081   0.251246
-0.256816   -0.0412937   -0.0406127
-1.09661   -1.1597   -0.680065
-1.01688   -0.593938   -0.31366
-0.400215   -0.348001   0.283893
0.0465813   -0.462608   0.615848
-1.70909   -0.00674401   0.629972
0.957085   -0.330871   0.116234
-0.474647   -0.349   0.495096
-0.962513   0.761415   0.624597
-0.886416   0.0583955   0.43649
-0.869901   -2.13814   0.351293
-1.46727   -0.189222   0.204479
-1.31582   0.499477   2.05331
-1.0223   2.32943   0.625715
-0.275625   1.68891   -1.18293
