0.44515   0.400462   0.13691
-0.328157   -0.202838   0.491399
-0.48614   -0.424025   -0.489715
-0.333283   0.382112   -0.40506
-0.191322   -0.30894   0.412
0.35328   -0.307133   0.451315
0.249286   -0.348905   -0.24665
-0.0986505   0.471942   -0.271803
0.0987369   0.223379   0.496582
-0.456014   -0.263954   0.318923
0.25336   0.4556   -0.262585
0.275085   0.325201   -0.420144
0.486234   -0.0825655   0.402661
-0.173445   0.0574141   0.486702
-0.316641   -0.198072   -0.306123
-0.116233   -0.129897   -0.398589
0.103028   -0.0890464   -0.432405
0.294922   -0.166477   -0.319917
-0.0252389   -0.1541   0.219886
0.0602948   -0.158913   -0.244241
0.30164   -0.113192   0.462187
0.390053   0.148054   0.477422
0.193203   -0.204148   -0.126299
0.462335   -0.195585   -0.414275
0.450308   0.22818   -0.317839
-0.314202   0.157316   -0.404296
0.455919   0.425625   -0.361635
-0.46547   0.00541295   -0.407788
-0.257898   -0.0207659   -0.342974
-0.116585   0.403259   -0.470473
-0.355318   0.222874   -0.131583
-0.0906959   0.211811   -0.422293
0.0158139   0.0544453   -0.350811
-0.494023   0.296733   0.469184
0.0700863   0.41435   -0.366235
0.268886   0.293435   0.374661
-0.254169   0.385477   -0.178094
-0.291523   -0.429405   -0.401358
-0.400934   -0.233685   -0.104397
0.436465   -0.447145   0.299504
-0.0309824   0.27472   -0.159824
-0.122964   -0.336661   -0.362301
-0.0737179   -0.485424   -0.0615048
0.021324   0.381346   0.0661114
0.0850439   0.443456   -0.15229
0.405185   -0.342548   -0.123828
-0.0175163   -0.337538   -0.171869
0.145718   -0.38491   -0.0481056
-0.48452   -0.413641   -0.282084
-0.171023   0.257965   -0.0280951
-0.26707   0.0195111   -0.0837476
-0.236712   -0.383845   -0.20177
-0.10304   -0.174799   -0.106658
-0.0414385   0.0835564   -0.103686
0.000201472   0.023316   0.418831
-0.238184   -0.270701   0.00448487
0.265264   -0.215544   0.0612366
0.350729   0.326128   -0.164741
0.16523   0.0247748   -0.188479
0.367279   0.0081987   -0.252236
-0.416483   -0.0673678   -0.225783
-0.328846   0.340564   0.0270305
0.377914   -0.445967   0.0468502
-0.373944   0.211148   0.239766
-0.339293   0.11294   0.0733382
-0.168469   0.149685   -0.249599
-0.142834   0.259161   0.194517
0.0051232   0.136903   0.0850889
0.122666   0.213201   -0.273907
-0.482764   0.421697   -0.129226
0.142454   0.269797   -0.0661875
0.212093   0.0979467   0.0209606
0.333453   0.459075   0.454401
-0.462855   -0.327829   0.072284
0.351129   -0.278428   0.245909
-0.296199   -0.254353   0.196418
-0.129877   -0.410051   0.207206
0.00832118   -0.17662   0.427464
-0.23714   -0.10238   0.349593
-0.00747338   -0.300905   0.0457077
0.162453   -0.356852   0.190004
0.241295   0.472309   0.265873
0.0473296   -0.405457   -0.471434
0.00554972   -0.336366   0.321181
0.10966   -0.0968378   0.0593007
-0.212862   -0.0533394   0.0874439
0.421001   0.100843   0.1544
0.396088   -0.147562   -0.128503
-0.358234   -0.43907   -0.0391642
0.217236   0.239685   0.177093
-0.15906   0.0591079   0.256291
0.190945   0.0380348   0.406803
0.10137   0.00715703   0.232242
0.305617   -0.0491607   0.225389
-0.425653   -0.0335622   0.215981
0.185558   -0.190576   0.32192
0.462409   -0.0799931   0.031714
-0.327117   0.462886   0.175526
0.360877   0.258543   0.0148538
-0.386994   0.0852903   0.402529
0.0306758   0.241615   0.294244
-0.0844475   0.468882   0.35662
-0.335079   -0.429875   0.371462
-0.224178   0.251472   0.402358
0.214631   0.446989   0.0753532
0.450058   0.113273   -0.10329
0.093623   0.41388   0.384738
0.233324   0.0688167   -0.383956
