0.458106   -0.499779   0.143083
-0.670781   -0.0308875   -1.44551
-0.714152   -0.836002   1.28635
-1.58285   0.211608   0.417587
-1.25137   -0.511094   0.025123
-0.298633   -1.33082   -0.774721
-0.134723   0.358752   1.05721
0.92712   -0.316472   0.299869
-0.459793   -0.875334   1.73237
1.19857   -0.325728   -0.30894
-0.630628   -0.505873   -0.561593
0.888924   1.48778   -2.23581
-0.384874   0.414792   0.651598
-0.733678   -0.986465   1.42139
-0.865248   -1.06291   -0.308929
1.21606   -0.409218   -0.0657573
0.325917   -0.486525   0.949499
0.127318   0.637536   0.188428
1.27199   -1.43378   0.505386
0.918891   0.602623   -0.376649
-1.45925   -0.268321   0.472518
-0.593209   -0.22014   -1.51909
-0.384849   -0.825762   0.791518
-0.192805   -1.4392   -0.316575
-1.02694   -0.641876   -1.53178
0.152233   -1.6287   -1.79578
1.61074   0.00728112   -0.653638
-0.0816117   1.12823   0.0324488
-1.78929   2.17754   -0.0765524
0.417764   -0.216222   0.226397
-0.538713   -2.36484   0.506128
-1.12696   0.236015   1.3126
-0.511223   -0.88601   -1.24232
1.37626   1.95659   -0.846739
0.0602748   0.828579   0.677411
1.0054   0.88313   -1.32859
1.38243   0.146774   0.0187224
0.253754   2.56486   -0.833933
-1.70656   -0.908788   -0.0749796
0.425546   0.870256   1.26886
-1.62922   -2.40857   -1.37483
-0.93095   -0.603123   0.582898
0.329439   0.563152   -1.552
-0.0824274   -1.00203   -0.711571
2.2448   -1.09686   -0.751946
0.717783   -1.09045   0.976331
1.11817   -0.698184   1.04814
0.607297   0.582549   -0.546392
0.583756   -0.0567322   -0.17139
0.662592   1.38677   0.115232
0.362754   0.937143   -0.326964
-0.216284   0.453402   0.0403524
-0.0155534   -0.668557   -2.0788
-1.01832   0.683807   1.4305
-0.386683   -1.82221   0.666672
0.477189   -0.562459   -0.541629
0.260467   0.51764   -0.27816
0.441143   0.278501   0.42221
0.181384   -0.694315   -0.567344
-0.0942588   0.400841   0.590447
-1.57903   2.34007   0.777894
0.601844   -0.43213   0.640184
0.513383   0.221849   0.832103
-0.45541   1.04532   1.05009
2.00339   0.614116   0.520802
-0.62105   -0.483229   -0.680146
0.225283   0.407445   -0.801947
0.180636   -0.161645   -0.276623
-2.25869   0.610044   -0.0252746
-0.968968   0.478611   -0.332836
0.626895   -0.872356   0.65169
0.226345   -0.154359   -0.590946
-0.746352   0.706892   0.568124
-0.204148   0.890936   0.599619
0.510368   -1.02511   -0.601529
1.50216   0.43379   -0.48438
0.978624   -1.51845   -1.86719
-1.76381   -1.42308   -0.0260428
0.773774   1.06238   -2.40967
-0.910644   1.31496   1.13684
-1.55073   0.573783   -0.737224
-0.519935   1.8914   2.20451
0.893056   1.24624   0.367113
-1.17246   0.860665   0.174761
0.541118   0.503299   2.57621
-0.48054   -0.339711   -0.540803
0.0483839   -0.580076   -1.80855
-0.933526   0.249953   0.148331
0.12179   0.579889   -1.20338
-0.151471   -2.14082   1.70004
1.15577   1.17046   1.27776
1.57655   1.39293   0.692081
0.0174305   1.47699   0.105365
0.0757281   -0.188902   -1.19456
0.362726   0.422885   -0.0839534
-0.597565   -0.0427598   0.873125
0.883082   0.688587   1.94417
-0.54568   1.80728   -0.560856
2.79167   0.42573   -0.28556
-1.57186   0.560467   0.195171
0.0565767   -0.234679   -0.219238
0.39001   -0.188216   -0.45719
-1.01854   -0.0436398   0.613113
-1.40786   -0.729035   2.17056
0.230891   0.0792267   -0.0732287
0.226009   -1.68967   -0.802733
1.74383   -1.50112   -0.858668
-0.291286   -0.909139   0.444518
