0.0364927   -0.17605   -0.284729
-0.288603   0.187149   0.255846
-0.29137   -0.198004   0.0168714
-0.128112   -0.141074   0.0669813
-0.459779   -0.0407207   0.398213
0.298591   -0.492143   -0.245952
-0.326665   0.151456   -0.0563544
-0.0165824   0.0991289   0.438103
-0.0807301   0.242598   0.311615
0.139576   -0.141127   -0.106533
-0.479333   0.109587   -0.127917
-0.312969   -0.147484   -0.219594
-0.381811   0.315442   0.210723
0.471676   0.265242   0.48542
-0.480225   0.338804   0.361249
-0.0794311   -0.492365   -0.423384
0.0233699   -0.0508562   -0.322018
-0.123731   -0.325456   -0.309711
0.195292   -0.175876   0.328233
0.0844424   -0.436869   -0.2425
0.38476   0.381544   0.15644
-0.211133   -0.0291872   -0.290381
0.185004   -0.303361   0.352048
0.192887   0.241013   -0.257577
-0.129705   -0.242457   0.194947
0.336264   0.309484   0.201881
0.0585237   -0.392483   -0.3393
0.319551   -0.362049   -0.0431695
0.296481   0.24121   -0.345724
0.47346   -0.27705   -0.118753
0.16566   0.328208   0.354232
0.0753563   0.0886358   0.160835
-0.280051   -0.348665   -0.326952
-0.208028   0.161879   -0.28872
-0.00589671   0.47585   0.0405092
0.127136   -0.263033   -0.138704
-0.425463   -0.160982   0.263014
-0.358768   0.308889   0.0413328
-0.0404972   0.0231925   0.330712
-0.0602038   0.490818   0.352724
0.418184   0.276746   -0.262874
-0.0347368   -0.408445   0.0533925
-0.355446   -0.458258   -0.474753
-0.404711   -0.437825   0.128685
-0.104135   -0.310485   -0.141025
-0.183562   -0.363926   0.127574
-0.122323   0.0863224   -0.490204
0.393371   0.176987   0.363991
0.414177   0.450883   0.0841083
0.344429   0.353476   -0.243998
0.141722   -0.187561   -0.243833
0.133529   -0.37593   -0.275118
-0.364595   0.299484   -0.13403
0.271624   -0.486661   -0.393766
0.217349   0.406723   0.315059
0.342573   0.483118   -0.473593
0.024803   0.0358532   -0.343708
-0.146589   0.266475   0.0093568
-0.0698164   -0.354255   0.150468
0.364553   -0.0186767   0.31609
0.335582   0.123198   -0.0267596
0.359661   0.299231   -0.48226
-0.285832   -0.333467   0.481005
0.273215   0.0234367   0.326845
0.31684   -0.0903583   0.31246
0.191289   -0.0604662   0.429869
-0.172935   -0.196724   -0.170878
-0.132994   -0.227228   -0.243159
0.174655   -0.101007   -0.167176
0.253029   -0.0361303   -0.218438
0.320884   -0.042303   0.377687
0.0950688   -0.248373   0.0584712
-0.297654   0.345893   -0.397019
0.457233   0.236312   0.413258
-0.127927   -0.475226   -0.256588
-0.386163   -0.169829   0.415823
0.107455   0.200257   0.212432
0.13981   -0.130654   -0.321846
-0.124195   -0.464062   0.285879
-0.363989   0.128413   -0.246301
0.424786   -0.0339297   0.0188095
0.464121   0.163652   0.0808294
0.0616952   -0.473045   -0.0353656
0.00150229   0.220862   -0.0736618
0.247175   0.449295   -0.333939
0.44008   -0.436529   0.126096
-0.286211   -0.308193   0.217964
0.419878   0.379712   -0.291071
0.0867161   0.0754741   -0.397241
-0.436861   -0.323139   -0.242993
0.120108   -0.444349   -0.317442
0.420723   0.199883   0.278146
-0.259491   0.1393   -0.178654
0.236824   0.293802   0.138986
0.115705   -0.38878   -0.130571
-0.346567   -0.463579   0.30208
0.0526486   -0.114171   -0.356159
-0.296244   -0.207388   0.315991
-0.361652   0.488156   -0.0619801
-0.22285   0.168653   0.081847
0.171675   0.452069   0.109647
0.291945   0.198467   0.0341126
-0.495478   0.181025   0.0010648
-0.0242923   0.227466   0.175756
-0.31656   0.0810705   -0.193842
-0.260906   0.19098   -0.109939
-0.154725   -0.272846   0.111986
-0.202609   -0.221709   0.0404578
