1.59621   -1.29007   0.417181
-0.411487   0.774102   0.892703
-0.325482   -1.96178   1.11798
-0.928807   0.479695   -1.67191
1.24704   -0.336021   -1.35773
-0.0724698   0.411338   0.946183
-0.38741   0.318367   1.18304
0.229746   0.526971   0.811075
-1.08113   0.237003   1.55629
-1.73433   1.36699   -0.71431
-2.30464   0.79532   -0.328122
-0.75663   -0.84922   -2.5086
-0.0871614   -0.564376   -1.74239
0.139229   -1.56163   0.546518
0.821556   0.362182   0.428012
0.498614   -0.395685   -1.14764
-0.973549   -0.630791   -1.01119
2.51922   -0.0666716   0.358425
-1.52582   0.772955   -0.369962
2.12487   0.811006   -0.754024
-0.248852   1.03512   1.30093
-0.124511   -0.685693   -1.30934
-0.290194   -0.0113423   0.30673
0.876243   -0.748886   0.144776
1.57228   2.2986   0.535354
-1.91249   0.984561   -1.47131
-0.321679   -2.55945   0.0623077
0.810778   1.15844   0.289253
-0.125244   -0.54434   -0.68093
0.739509   1.12016   -0.106241
-0.548322   -1.78326   1.07949
-1.23372   1.55235   0.813061
-0.494797   0.743424   1.27979
1.43137   -0.33207   -0.655973
-0.202337   0.279956   0.577926
-0.866282   -1.9214   -0.166532
-0.405917   0.596924   -0.66214
1.04155   -0.202766   1.09871
1.4444   1.79856   2.71008
0.376736   -1.99463   -0.91965
1.51849   -1.9498   0.593832
-1.27211   1.78911   0.683432
0.0358017   -1.03049   -0.058288
1.90342   0.148385   -0.2022
-0.089876   -2.26481   1.20159
0.126137   0.0288745   0.21961
0.660729   2.97407   0.25306
0.421535   -0.284426   3.04528
-0.987736   -0.0556795   1.17363
0.526372   -0.195863   -0.321404
-0.533884   -1.68762   -0.0392724
0.438099   -0.113607   1.72192
-2.3122   -0.466882   -2.42098
0.70941   -0.319101   -1.34565
-0.40357   1.49334   -0.220763
-1.7533   1.28194   0.966434
0.0546676   -0.646301   1.69934
0.250282   -1.46964   0.688581
-0.163559   0.898353   -0.62397
0.888331   -2.36326   -0.632078
0.202414   0.900014   -1.78203
0.318417   -0.872795   2.10952
-1.11767   3.02013   -1.0871
-0.671862   0.101813   1.98906
0.261765   -0.356179   0.773525
-0.122176   -0.869195   0.284142
0.846406   3.16343   -1.75861
-0.902376   1.10341   -1.59683
0.96038   -0.23256   1.1089
1.00272   0.624833   -0.193336
-0.222113   -1.60035   -0.787108
-1.55005   1.15877   -1.07041
-1.07664   0.361393   -1.84493
0.499393   0.834367   0.909999
-0.0281629   -1.89379   -0.880632
-0.145106   -0.31447   0.345005
-1.24586   -1.6445   0.307931
0.540365   0.0751713   -0.302955
1.61511   0.299382   0.942333
0.127975   -0.923919   1.74444
0.442711   -0.970209   -0.60797
-0.151956   0.928688   0.795033
-0.702438   -1.78698   -0.175755
-0.738   -1.22886   1.21181
0.635796   -0.965963   -0.329097
0.00181087   0.676062   -0.700239
2.55256   -0.606941   0.0142039
-1.31164   0.215444   -0.683112
-0.112182   0.819823   -0.422425
1.78916   1.41799   -0.100318
0.898525   -0.838401   -0.779133
-1.6997   3.27108   -0.982573
-0.156235   1.59812   -0.53798
0.732413   -0.785841   0.347797
1.70362   0.129559   1.93934
-0.613168   -0.622087   0.0115317
-1.95719   -0.773727   -0.202308
-0.604711   -1.49409   -2.32089
-0.219872   0.0247876   0.0849102
-0.0854224   -0.891323   1.42581
-2.18669   0.745223   -2.38434e-05
-0.75518   -0.0746192   -1.12909
1.14803   -0.141063   -1.52931
0.283248   0.701357   -0.643785
-0.282204   0.160077   -0.0981601
0.473473   0.998817   0.453036
1.03743   -0.0147832   0.161931
0.461796   0.822385   -1.67403
