-0.436062   0.451156   0.455712
-0.275355   -0.385902   -0.489002
-0.460566   -0.381063   -0.359
-0.308098   0.440699   -0.37419
-0.116776   0.478301   0.452323
0.060023   -0.361838   0.47018
-0.109439   -0.370791   -0.351792
0.0371057   0.458989   -0.355866
0.218353   0.462911   0.487165
0.380985   -0.377766   0.460059
0.2257   -0.348099   -0.377918
0.375472   0.465976   -0.342427
-0.442317   -0.219214   0.481761
-0.301116   -0.0337195   0.45461
-0.438512   -0.0432444   -0.378315
-0.278213   -0.221825   -0.342277
-0.12644   -0.218239   0.462617
0.0369379   -0.0358006   0.451724
-0.143142   -0.0326722   -0.400246
0.0369884   -0.194461   -0.395866
0.20626   -0.18882   0.461154
0.378237   -0.0571392   0.465063
0.197381   -0.0256811   -0.396606
0.393049   -0.199486   -0.369223
-0.452571   0.161676   0.432622
-0.286381   0.321728   0.393683
-0.4703   0.314937   -0.340259
-0.328116   0.193767   -0.409772
-0.0996873   0.146054   0.439551
0.0657386   0.3139   0.469129
-0.125978   0.291841   -0.394926
0.0225281   0.112493   -0.390074
0.24471   0.141145   0.432735
0.382754   0.30079   -0.499135
0.186265   0.263023   -0.367054
0.372779   0.112133   -0.32436
-0.463127   0.455765   -0.187409
-0.285671   -0.390831   -0.191526
-0.445869   -0.380488   -0.057254
-0.261845   0.44862   -0.0489217
-0.129602   0.453431   -0.224322
0.063628   -0.357892   -0.246493
-0.0976949   -0.36615   -0.0340796
0.0619034   0.467421   -0.0218605
0.205361   0.460599   -0.184182
0.370024   -0.374763   -0.196213
0.200909   -0.385297   -0.0175795
0.351916   0.452146   -0.0365457
-0.439399   -0.200148   -0.191
-0.268567   -0.0316461   -0.215549
-0.452624   -0.0443696   0.00122787
-0.275418   -0.199171   -0.0323705
-0.125303   -0.225858   -0.186612
0.0399088   -0.0614735   -0.224245
-0.114512   -0.0540759   -0.0495542
0.0593637   -0.183275   -0.0248562
0.217054   -0.202359   -0.18404
0.37725   -0.048671   -0.181229
0.203389   -0.0472651   -0.0293083
0.376546   -0.230482   -0.0396621
-0.437076   0.118883   -0.199878
-0.312358   0.279183   -0.210612
-0.432716   0.2955   -0.0349245
-0.287383   0.112785   -0.054755
-0.124669   0.13619   -0.238344
0.0466448   0.297293   -0.179861
-0.114386   0.28654   -0.00912733
0.0276681   0.100524   -0.0446021
0.19467   0.0995571   -0.215475
0.361803   0.285751   -0.213648
0.220663   0.229595   -0.0471735
0.407278   0.111508   -0.0283796
-0.462034   0.468637   0.113645
-0.286557   -0.382032   0.0993164
-0.47406   -0.367002   0.302114
-0.293665   0.496951   0.275642
-0.100523   0.469933   0.128995
0.066483   -0.36592   0.151652
-0.117005   -0.367819   0.30606
0.0530544   0.495148   0.32422
0.23217   0.488668   0.15821
0.403331   -0.374719   0.116815
0.223442   -0.355432   0.304519
0.378637   0.453213   0.31202
-0.443057   -0.198016   0.136897
-0.28307   -0.0289893   0.135865
-0.444254   -0.0268721   0.277038
-0.293536   -0.224896   0.298887
-0.0995758   -0.216129   0.115935
0.0514243   -0.0435344   0.147022
-0.125022   -0.0705205   0.287387
0.0443022   -0.200815   0.287635
0.216174   -0.219868   0.127676
0.369941   -0.0651144   0.13456
0.221958   -0.0446107   0.29384
0.396511   -0.193416   0.301129
-0.432999   0.137854   0.14082
-0.266581   0.321951   0.158188
-0.469471   0.307305   0.265378
-0.262827   0.1397   0.285127
-0.0919654   0.0999472   0.148577
0.0855006   0.278975   0.119425
-0.103056   0.284187   0.276907
0.0799787   0.128978   0.29938
0.239645   0.107426   0.146158
0.349884   0.307468   0.129903
0.206359   0.319632   0.30087
0.38878   0.113869   0.282476
