0.303295   -1.23815   -1.11174
1.6333   1.19537   0.741614
2.08919   -0.941045   -0.809012
-0.193747   -0.264617   0.444085
0.0570833   -1.66621   0.198194
-1.18026   -1.75181   0.409868
0.0749762   1.1419   -1.12716
0.401201   1.21682   -0.127658
0.858649   -0.6612   2.17153
0.87374   2.25666   2.34948
0.61879   1.19055   -2.71558
-0.00512765   -0.581404   1.52831
0.843727   -0.849252   0.733163
1.72715   0.164574   -1.16271
0.444051   1.3997   -0.436033
-1.96961   1.00502   -2.1849
0.969705   0.815792   1.0435
2.67424   -0.909421   2.25283
1.47628   0.946052   0.722022
1.30694   -1.43288   1.92302
0.0733524   -0.539529   -0.707194
2.32358   0.0889021   0.597731
1.67657   0.187567   1.34533
2.58368   -0.337648   -1.02886
-1.37451   -0.320743   0.424432
-0.13853   0.41285   0.334678
3.05206   -0.512505   0.150903
-1.94418   0.804915   0.820089
-0.42647   -2.3091   -1.37719
-1.21049   -0.285312   -0.417385
-1.15411   -0.0569427   1.30642
1.29697   0.662301   0.0889839
0.688414   1.79412   1.12967
-0.364042   -1.35361   1.0502
0.775073   0.970821   0.949944
0.298641   -1.70929   -1.03999
-0.361063   2.29328   -0.705085
0.422423   0.0785439   -0.0601519
-0.330896   0.0602433   0.570533
-1.52881   1.75197   1.32075
0.398607   -2.15452   2.13791
2.57841   0.196209   0.940205
-1.05751   -0.606658   -0.973059
-2.04623   0.288502   -0.474739
-0.205638   -1.64425   -0.548291
-0.305475   0.657971   0.00155581
-0.819782   -0.981457   1.17287
-1.52234   -1.40312   0.3206
-1.25919   0.850425   -1.37539
-2.07741   -0.368685   -0.0200082
-0.86748   -1.76797   4.02067
-1.93819   -1.22272   0.519209
-0.904976   -0.431651   -0.235965
-1.75005   1.79534   0.909504
1.18776   -1.52779   0.785815
0.354562   -1.76225   0.354839
-0.0065536   -2.48332   0.0359346
-0.256189   1.64408   0.351296
1.31214   0.584342   1.03171
0.447925   1.67   -1.1362
-0.865623   2.69838   -0.994614
-0.390446   0.499476   -1.72469
-2.52866   0.857579   -0.652492
2.7871   1.14213   0.836092
0.0835221   0.808958   -1.5426
-1.07371   0.468586   0.400749
-0.787803   3.21047   0.325004
1.07989   0.375391   -1.85389
-2.13585   -0.39986   -1.60789
-1.04975   0.910648   -2.15691
1.61837   -3.46831   -4.05604
0.725783   1.8193   -0.517743
1.01377   -0.641847   0.500051
0.0520542   -0.373183   1.55667
0.0507454   -0.209801   -1.2842
0.394097   0.658139   -0.838062
-1.33935   -0.78442   -0.837806
-1.19018   0.274804   -0.136737
-0.568301   1.97594   1.23556
1.24706   -0.429459   -1.22944
-1.71219   -0.0573024   -1.83185
-0.175121   -1.46181   -0.428959
-0.445558   -1.29695   1.81899
0.150543   -1.0204   -1.485
0.525555   -2.09835   -1.11582
0.525346   1.3596   -1.66429
-1.12487   -0.0817656   -0.974577
-1.6063   0.180471   0.246493
-0.98008   -0.522806   0.76565
-0.58507   1.59565   1.04334
0.565774   0.102383   0.0957265
-0.244808   0.481383   1.67039
0.42424   1.92617   -0.308229
-0.549604   -1.24156   -0.533683
1.53005   -1.8262   1.42745
-0.260132   -1.60062   0.315712
2.07658   2.64473   0.527743
1.03948   0.730848   -0.496272
-1.5674   -0.521541   -1.31487
0.598329   -0.496908   -0.549181
0.876255   -0.692415   -0.58289
-0.256361   -0.840379   -0.000179151
-0.150214   -0.483031   0.663423
-1.59872   -0.32636   -0.35407
1.03918   0.677086   0.291181
-1.10018   1.63371   -0.944733
-1.45581   1.60266   -0.154913
-1.28527   -1.80899   1.03731
